2020-06-23 15:11:29,639 INFO loading None profile from config /root/.twarc
2020-06-23 15:11:29,650 INFO creating http session
2020-06-23 15:11:29,650 INFO creating OAuth1 user authentication
2020-06-23 15:11:29,651 INFO getting ('https://api.twitter.com/1.1/account/verify_credentials.json',) {'params': {'tweet_mode': 'extended'}}
2020-06-23 15:11:29,927 INFO connecting to filter stream for {'stall_warning': True, 'include_ext_alt_text': True, 'track': '#흑인의_목숨은_소중하다,#흑인의목숨은소중하다,#흑인의_생명은_소중하다,#흑인의생명은소중하다,#조지플로이드,#조지_플로이드'}
2020-06-23 15:11:29,927 INFO posting ('https://stream.twitter.com/1.1/statuses/filter.json', {'stall_warning': True, 'include_ext_alt_text': True, 'track': '#흑인의_목숨은_소중하다,#흑인의목숨은소중하다,#흑인의_생명은_소중하다,#흑인의생명은소중하다,#조지플로이드,#조지_플로이드'}) {'headers': {'accept-encoding': 'deflate, gzip'}, 'stream': True}
2020-06-23 15:11:50,691 INFO keep-alive
2020-06-23 15:12:12,300 INFO keep-alive
2020-06-23 15:12:33,904 INFO keep-alive
2020-06-23 15:12:47,236 INFO loading None profile from config /root/.twarc
2020-06-23 15:12:47,238 INFO creating http session
2020-06-23 15:12:47,238 INFO creating OAuth1 user authentication
2020-06-23 15:12:47,239 INFO getting ('https://api.twitter.com/1.1/account/verify_credentials.json',) {'params': {'tweet_mode': 'extended'}}
2020-06-23 15:12:47,523 INFO connecting to filter stream for {'stall_warning': True, 'include_ext_alt_text': True, 'track': '흑인'}
2020-06-23 15:12:47,524 INFO posting ('https://stream.twitter.com/1.1/statuses/filter.json', {'stall_warning': True, 'include_ext_alt_text': True, 'track': '흑인'}) {'headers': {'accept-encoding': 'deflate, gzip'}, 'stream': True}
2020-06-23 15:13:08,822 INFO keep-alive
2020-06-23 15:13:17,934 INFO loading None profile from config /root/.twarc
2020-06-23 15:13:17,936 INFO creating http session
2020-06-23 15:13:17,936 INFO creating OAuth1 user authentication
2020-06-23 15:13:17,937 INFO getting ('https://api.twitter.com/1.1/account/verify_credentials.json',) {'params': {'tweet_mode': 'extended'}}
2020-06-23 15:13:18,203 INFO connecting to filter stream for {'stall_warning': True, 'include_ext_alt_text': True, 'track': '흑인'}
2020-06-23 15:13:18,203 INFO posting ('https://stream.twitter.com/1.1/statuses/filter.json', {'stall_warning': True, 'include_ext_alt_text': True, 'track': '흑인'}) {'headers': {'accept-encoding': 'deflate, gzip'}, 'stream': True}
2020-06-23 15:13:18,399 ERROR caught http error 420 Client Error: Enhance Your Calm for url: https://stream.twitter.com/1.1/statuses/filter.json on 1 try
2020-06-23 15:13:18,399 INFO sleeping 60
2020-06-23 15:13:49,346 INFO loading None profile from config /root/.twarc
2020-06-23 15:13:49,348 INFO creating http session
2020-06-23 15:13:49,349 INFO creating OAuth1 user authentication
2020-06-23 15:13:49,350 INFO getting ('https://api.twitter.com/1.1/account/verify_credentials.json',) {'params': {'tweet_mode': 'extended'}}
2020-06-23 15:13:49,660 INFO connecting to filter stream for {'stall_warning': True, 'include_ext_alt_text': True, 'track': '흑인'}
2020-06-23 15:13:49,660 INFO posting ('https://stream.twitter.com/1.1/statuses/filter.json', {'stall_warning': True, 'include_ext_alt_text': True, 'track': '흑인'}) {'headers': {'accept-encoding': 'deflate, gzip'}, 'stream': True}
2020-06-23 15:13:49,874 ERROR caught http error 420 Client Error: Enhance Your Calm for url: https://stream.twitter.com/1.1/statuses/filter.json on 1 try
2020-06-23 15:13:49,874 INFO sleeping 60
2020-06-23 15:14:05,206 INFO loading None profile from config /root/.twarc
2020-06-23 15:14:05,208 INFO creating http session
2020-06-23 15:14:05,208 INFO creating OAuth1 user authentication
2020-06-23 15:14:05,209 INFO getting ('https://api.twitter.com/1.1/account/verify_credentials.json',) {'params': {'tweet_mode': 'extended'}}
2020-06-23 15:14:05,474 INFO connecting to filter stream for {'stall_warning': True, 'include_ext_alt_text': True, 'track': '#BlackLivesMatter', 'language': 'en'}
2020-06-23 15:14:05,475 INFO posting ('https://stream.twitter.com/1.1/statuses/filter.json', {'stall_warning': True, 'include_ext_alt_text': True, 'track': '#BlackLivesMatter', 'language': 'en'}) {'headers': {'accept-encoding': 'deflate, gzip'}, 'stream': True}
2020-06-23 15:14:05,694 INFO archived 1275507417447628807
2020-06-23 15:14:05,970 INFO archived 1275507418106146817
2020-06-23 15:14:06,015 INFO archived 1275507414037483520
2020-06-23 15:14:06,474 INFO archived 1275507399588265984
2020-06-23 15:14:06,476 INFO archived 1275507415757344768
2020-06-23 15:14:06,989 INFO archived 1275507422363344897
2020-06-23 15:14:07,294 INFO archived 1275507423940243458
2020-06-23 15:14:07,465 INFO archived 1275507424414314499
2020-06-23 15:14:07,538 INFO archived 1275507425114648576
2020-06-23 15:14:07,606 INFO archived 1275507425391464448
2020-06-23 15:14:07,908 INFO archived 1275507426205274113
2020-06-23 15:14:07,910 INFO archived 1275507426347954176
2020-06-23 15:14:08,219 INFO archived 1275507427752976389
2020-06-23 15:14:08,626 INFO archived 1275507429481033730
2020-06-23 15:14:08,680 INFO archived 1275507429946597376
2020-06-23 15:14:08,739 INFO archived 1275507430080700416
2020-06-23 15:14:08,810 INFO archived 1275507430525480960
2020-06-23 15:14:09,351 INFO archived 1275507432601653252
2020-06-23 15:14:09,380 INFO archived 1275507432240721921
2020-06-23 15:14:09,475 INFO archived 1275507432987525120
2020-06-23 15:14:09,545 INFO archived 1275507433469808640
2020-06-23 15:14:09,547 INFO archived 1275507433494818817
2020-06-23 15:14:09,989 INFO archived 1275507435386679296
2020-06-23 15:14:10,263 INFO archived 1275507436355534848
2020-06-23 15:14:10,265 INFO archived 1275507436493963273
2020-06-23 15:14:10,319 INFO archived 1275507436691034112
2020-06-23 15:14:10,570 INFO archived 1275507437886300161
2020-06-23 15:14:10,587 INFO archived 1275507437974552579
2020-06-23 15:14:10,769 INFO archived 1275507438582673410
2020-06-23 15:14:11,391 INFO archived 1275507440587587585
2020-06-23 15:14:11,396 INFO archived 1275507440688214018
2020-06-23 15:14:11,414 INFO archived 1275507441258594313
2020-06-23 15:14:12,210 INFO archived 1275507444697960449
2020-06-23 15:14:12,413 INFO archived 1275507445603983364
2020-06-23 15:14:12,562 INFO archived 1275507446245711875
2020-06-23 15:14:13,234 INFO archived 1275507448799997952
2020-06-23 15:14:13,235 INFO archived 1275507449026547714
2020-06-23 15:14:13,545 INFO archived 1275507449785716737
2020-06-23 15:14:14,155 INFO archived 1275507452646240257
2020-06-23 15:14:14,185 INFO archived 1275507453036240899
2020-06-23 15:14:14,564 INFO archived 1275507454391001088
2020-06-23 15:14:14,641 INFO archived 1275507454999244802
2020-06-23 15:14:14,874 INFO archived 1275507455842287617
2020-06-23 15:14:14,897 INFO archived 1275507455972212737
2020-06-23 15:14:15,004 INFO archived 1275507456521588736
2020-06-23 15:14:15,081 INFO archived 1275507456806920193
2020-06-23 15:14:15,174 INFO archived 1275507456844730371
2020-06-23 15:14:15,703 INFO archived 1275507458996187136
2020-06-23 15:14:15,904 INFO archived 1275507460271472641
2020-06-23 15:14:15,948 INFO archived 1275507460460081152
2020-06-23 15:14:15,988 INFO archived 1275507460581675008
2020-06-23 15:14:16,817 INFO archived 1275507463543050240
2020-06-23 15:14:17,431 INFO archived 1275507466328051719
2020-06-23 15:14:17,623 INFO archived 1275507467372412929
2020-06-23 15:14:17,677 INFO archived 1275507467640639488
2020-06-23 15:14:17,783 INFO archived 1275507467498053632
2020-06-23 15:14:17,883 INFO archived 1275507468584595466
2020-06-23 15:14:17,947 INFO archived 1275507468685258754
2020-06-23 15:14:18,460 INFO archived 1275507470547464195
2020-06-23 15:14:18,686 INFO archived 1275507471872753664
2020-06-23 15:14:18,850 INFO archived 1275507472640258049
2020-06-23 15:14:18,987 INFO archived 1275507473189875712
2020-06-23 15:14:19,087 INFO archived 1275507472875360258
2020-06-23 15:14:19,580 INFO archived 1275507475425439744
2020-06-23 15:14:19,894 INFO archived 1275507476838985735
2020-06-23 15:14:19,975 INFO archived 1275507477174501378
2020-06-23 15:14:20,116 INFO archived 1275507477933514752
2020-06-23 15:14:20,209 INFO archived 1275507478340517892
2020-06-23 15:14:20,668 INFO archived 1275507480227872768
2020-06-23 15:14:20,820 INFO archived 1275507480513183745
2020-06-23 15:14:21,000 INFO archived 1275507481456893958
2020-06-23 15:14:21,050 INFO archived 1275507481851150336
2020-06-23 15:14:21,063 INFO archived 1275507481796423680
2020-06-23 15:14:21,264 INFO archived 1275507482719387650
2020-06-23 15:14:21,307 INFO archived 1275507482908114944
2020-06-23 15:14:21,357 INFO archived 1275507483080036353
2020-06-23 15:14:21,738 INFO archived 1275507484430602241
2020-06-23 15:14:21,742 INFO archived 1275507484451577863
2020-06-23 15:14:21,755 INFO archived 1275507484690485248
2020-06-23 15:14:21,815 INFO archived 1275507485034643456
2020-06-23 15:14:22,297 INFO archived 1275507486997409792
2020-06-23 15:14:22,407 INFO archived 1275507487542784002
2020-06-23 15:14:22,760 INFO archived 1275507488528441351
2020-06-23 15:14:22,761 INFO archived 1275507488779988992
2020-06-23 15:14:22,762 INFO archived 1275507488868241415
2020-06-23 15:14:22,784 INFO archived 1275507489048604672
2020-06-23 15:14:22,808 INFO archived 1275507489019232261
2020-06-23 15:14:22,817 INFO archived 1275507489203785731
2020-06-23 15:14:22,870 INFO archived 1275507489283493888
2020-06-23 15:14:22,942 INFO archived 1275507489627398146
2020-06-23 15:14:23,577 INFO archived 1275507492345262080
2020-06-23 15:14:23,641 INFO archived 1275507492601110532
2020-06-23 15:14:23,849 INFO archived 1275507493490302976
2020-06-23 15:14:23,851 INFO archived 1275507493544669184
2020-06-23 15:14:23,978 INFO archived 1275507493989384192
2020-06-23 15:14:24,060 INFO archived 1275507494346018818
2020-06-23 15:14:24,099 INFO archived 1275507494505402369
2020-06-23 15:14:24,200 INFO archived 1275507494949761024
2020-06-23 15:14:24,691 INFO archived 1275507496682024961
2020-06-23 15:14:24,693 INFO archived 1275507497118380032
2020-06-23 15:14:24,730 INFO archived 1275507497277763585
2020-06-23 15:14:24,779 INFO archived 1275507497407635456
2020-06-23 15:14:24,898 INFO archived 1275507497923682305
2020-06-23 15:14:25,106 INFO archived 1275507498829656066
2020-06-23 15:14:25,142 INFO archived 1275507498921922561
2020-06-23 15:14:25,492 INFO archived 1275507500482064384
2020-06-23 15:14:25,691 INFO archived 1275507501237186563
2020-06-23 15:14:26,246 INFO archived 1275507503636209664
2020-06-23 15:14:26,256 INFO archived 1275507503552479237
2020-06-23 15:14:26,428 INFO archived 1275507504320073728
2020-06-23 15:14:26,776 INFO archived 1275507505565753351
2020-06-23 15:14:26,970 INFO archived 1275507506572296192
2020-06-23 15:14:27,074 INFO archived 1275507507113480192
2020-06-23 15:14:27,275 INFO archived 1275507507780366337
2020-06-23 15:14:27,673 INFO archived 1275507509030240259
2020-06-23 15:14:27,977 INFO archived 1275507510884139011
2020-06-23 15:14:28,167 INFO archived 1275507511559364610
2020-06-23 15:14:28,809 INFO archived 1275507514092601344
2020-06-23 15:14:29,312 INFO archived 1275507516240207874
2020-06-23 15:14:29,350 INFO archived 1275507516491866115
2020-06-23 15:14:29,617 INFO archived 1275507517640937473
2020-06-23 15:14:30,029 INFO archived 1275507519385985030
2020-06-23 15:14:30,438 INFO archived 1275507521122439173
2020-06-23 15:14:30,451 INFO archived 1275507521294405635
2020-06-23 15:14:30,499 INFO archived 1275507521487343616
2020-06-23 15:14:30,645 INFO archived 1275507521961242625
2020-06-23 15:14:31,053 INFO archived 1275507523391389698
2020-06-23 15:14:31,453 INFO archived 1275507525157154816
2020-06-23 15:14:31,629 INFO archived 1275507526113677316
2020-06-23 15:14:31,781 INFO archived 1275507526763765760
2020-06-23 15:14:31,830 INFO archived 1275507526969315328
2020-06-23 15:14:31,877 INFO archived 1275507527166365703
2020-06-23 15:14:32,167 INFO archived 1275507528168869890
2020-06-23 15:14:33,310 INFO archived 1275507532862087168
2020-06-23 15:14:33,451 INFO archived 1275507533675986944
2020-06-23 15:14:33,472 INFO archived 1275507533910650880
2020-06-23 15:14:33,504 INFO archived 1275507534107865088
2020-06-23 15:14:33,621 INFO archived 1275507534573551617
2020-06-23 15:14:33,923 INFO archived 1275507535374700545
2020-06-23 15:14:34,637 INFO archived 1275507538432348166
2020-06-23 15:14:34,640 INFO archived 1275507538880950272
2020-06-23 15:14:34,661 INFO archived 1275507538931433479
2020-06-23 15:14:35,047 INFO archived 1275507540265242625
2020-06-23 15:14:35,153 INFO archived 1275507541007466496
2020-06-23 15:14:35,255 INFO archived 1275507541447864321
2020-06-23 15:14:35,377 INFO archived 1275507541896843269
2020-06-23 15:14:35,543 INFO archived 1275507542429483010
2020-06-23 15:14:35,681 INFO archived 1275507543146737664
2020-06-23 15:14:35,744 INFO archived 1275507543486484480
2020-06-23 15:14:35,920 INFO archived 1275507544220471296
2020-06-23 15:14:35,952 INFO archived 1275507544266547206
2020-06-23 15:14:36,076 INFO archived 1275507544727916547
2020-06-23 15:14:36,209 INFO archived 1275507545361154048
2020-06-23 15:14:36,382 INFO archived 1275507546070056962
2020-06-23 15:14:36,993 INFO archived 1275507548523823105
2020-06-23 15:14:37,066 INFO archived 1275507548813213701
2020-06-23 15:14:37,145 INFO archived 1275507549316546563
2020-06-23 15:14:37,159 INFO archived 1275507549438119943
2020-06-23 15:14:37,322 INFO archived 1275507550067159040
2020-06-23 15:14:37,375 INFO archived 1275507550205751296
2020-06-23 15:14:37,381 INFO archived 1275507550360866822
2020-06-23 15:14:37,537 INFO archived 1275507550826479617
2020-06-23 15:14:37,573 INFO archived 1275507551077978114
2020-06-23 15:14:37,913 INFO archived 1275507552239960069
2020-06-23 15:14:37,914 INFO archived 1275507552269357059
2020-06-23 15:14:37,991 INFO archived 1275507552911069186
2020-06-23 15:14:38,006 INFO archived 1275507552835432448
2020-06-23 15:14:38,096 INFO archived 1275507553317933056
2020-06-23 15:14:38,275 INFO archived 1275507554131509252
2020-06-23 15:14:38,631 INFO archived 1275507555238850560
2020-06-23 15:14:38,638 INFO archived 1275507555595440135
2020-06-23 15:14:38,662 INFO archived 1275507555717074946
2020-06-23 15:14:38,754 INFO archived 1275507556136280070
2020-06-23 15:14:38,759 INFO archived 1275507555943530497
2020-06-23 15:14:38,829 INFO archived 1275507556421709824
2020-06-23 15:14:39,141 INFO archived 1275507557377941505
2020-06-23 15:14:39,146 INFO archived 1275507557524627456
2020-06-23 15:14:39,448 INFO archived 1275507558518788096
2020-06-23 15:14:39,449 INFO archived 1275507558678134785
2020-06-23 15:14:39,650 INFO archived 1275507559655452672
2020-06-23 15:14:39,959 INFO archived 1275507560901115905
2020-06-23 15:14:39,992 INFO archived 1275507561245089795
2020-06-23 15:14:40,079 INFO archived 1275507561647820803
2020-06-23 15:14:40,576 INFO archived 1275507563640094722
2020-06-23 15:14:40,760 INFO archived 1275507564323770376
2020-06-23 15:14:40,769 INFO archived 1275507564390817793
2020-06-23 15:14:40,891 INFO archived 1275507565107929088
2020-06-23 15:14:40,908 INFO archived 1275507565116489728
2020-06-23 15:14:41,014 INFO archived 1275507565342920705
2020-06-23 15:14:41,015 INFO archived 1275507565397491712
2020-06-23 15:14:41,111 INFO archived 1275507565678510082
2020-06-23 15:14:41,350 INFO archived 1275507566706077697
2020-06-23 15:14:41,381 INFO archived 1275507567054086144
2020-06-23 15:14:42,163 INFO archived 1275507570120122368
2020-06-23 15:14:42,393 INFO archived 1275507571215011840
2020-06-23 15:14:42,454 INFO archived 1275507571533787136
2020-06-23 15:14:42,477 INFO archived 1275507571500204032
2020-06-23 15:14:42,497 INFO archived 1275507571802046464
2020-06-23 15:14:42,548 INFO archived 1275507571772796932
2020-06-23 15:14:42,578 INFO archived 1275507572091609089
2020-06-23 15:14:42,582 INFO archived 1275507572124954624
2020-06-23 15:14:42,835 INFO archived 1275507572582293504
2020-06-23 15:14:42,843 INFO archived 1275507573102243840
2020-06-23 15:14:42,884 INFO archived 1275507573400076294
2020-06-23 15:14:43,443 INFO archived 1275507575539130369
2020-06-23 15:14:43,919 INFO archived 1275507577749745672
2020-06-23 15:14:44,169 INFO archived 1275507578576003075
2020-06-23 15:14:44,323 INFO archived 1275507579406430215
2020-06-23 15:14:44,332 INFO archived 1275507579448365056
2020-06-23 15:14:44,523 INFO archived 1275507580044017664
2020-06-23 15:14:44,654 INFO archived 1275507580857548803
2020-06-23 15:14:44,835 INFO archived 1275507581335764999
2020-06-23 15:14:44,837 INFO archived 1275507581600047104
2020-06-23 15:14:44,986 INFO archived 1275507582199889921
2020-06-23 15:14:45,033 INFO archived 1275507582350827521
2020-06-23 15:14:45,286 INFO archived 1275507583114231810
2020-06-23 15:14:45,427 INFO archived 1275507584045367305
2020-06-23 15:14:45,517 INFO archived 1275507584418619397
2020-06-23 15:14:45,686 INFO archived 1275507584506576896
2020-06-23 15:14:45,829 INFO archived 1275507585798602753
2020-06-23 15:14:46,267 INFO archived 1275507587618713600
2020-06-23 15:14:46,590 INFO archived 1275507588612972544
2020-06-23 15:14:46,619 INFO archived 1275507589036605441
2020-06-23 15:14:46,920 INFO archived 1275507590173282304
2020-06-23 15:14:46,922 INFO archived 1275507590269566976
2020-06-23 15:14:47,062 INFO archived 1275507590961627137
2020-06-23 15:14:47,101 INFO archived 1275507591070789632
2020-06-23 15:14:47,742 INFO archived 1275507593604067329
2020-06-23 15:14:47,921 INFO archived 1275507594451435523
2020-06-23 15:14:47,992 INFO archived 1275507594812162049
2020-06-23 15:14:48,031 INFO archived 1275507594904268800
2020-06-23 15:14:48,036 INFO archived 1275507594942124032
2020-06-23 15:14:48,089 INFO archived 1275507595277676545
2020-06-23 15:14:48,556 INFO archived 1275507596884086788
2020-06-23 15:14:48,642 INFO archived 1275507597525819395
2020-06-23 15:14:48,645 INFO archived 1275507597509103617
2020-06-23 15:14:49,076 INFO archived 1275507599396438017
2020-06-23 15:14:49,272 INFO archived 1275507599228702726
2020-06-23 15:14:49,997 INFO archived 1275507602944819203
2020-06-23 15:14:50,000 INFO archived 1275507603301453826
2020-06-23 15:14:50,003 INFO archived 1275507603234226176
2020-06-23 15:14:50,183 INFO archived 1275507603938914306
2020-06-23 15:14:50,206 INFO archived 1275507604173852673
2020-06-23 15:14:50,217 INFO archived 1275507604152897537
2020-06-23 15:14:50,344 INFO archived 1275507604651937792
2020-06-23 15:14:50,472 INFO archived 1275507605067034625
2020-06-23 15:14:50,813 INFO archived 1275507606208090113
2020-06-23 15:14:50,919 INFO archived 1275507607155798017
2020-06-23 15:14:51,075 INFO archived 1275507607709650944
2020-06-23 15:14:51,143 INFO archived 1275507608066154496
2020-06-23 15:14:51,321 INFO archived 1275507608829468677
2020-06-23 15:14:51,610 INFO archived 1275507609655787522
2020-06-23 15:14:51,923 INFO archived 1275507611262222336
2020-06-23 15:14:52,028 INFO archived 1275507611757142019
2020-06-23 15:14:52,043 INFO archived 1275507611811495936
2020-06-23 15:14:52,453 INFO archived 1275507613107654658
2020-06-23 15:14:52,837 INFO archived 1275507615100030981
2020-06-23 15:14:53,378 INFO archived 1275507617096445958
2020-06-23 15:14:53,384 INFO archived 1275507616706252800
2020-06-23 15:14:53,557 INFO archived 1275507618191040512
2020-06-23 15:14:53,816 INFO archived 1275507619151699968
2020-06-23 15:14:53,984 INFO archived 1275507619944452098
2020-06-23 15:14:54,061 INFO archived 1275507620166742016
2020-06-23 15:14:54,245 INFO archived 1275507620263022593
2020-06-23 15:14:54,406 INFO archived 1275507621739585536
2020-06-23 15:14:54,706 INFO archived 1275507622763024384
2020-06-23 15:14:54,708 INFO archived 1275507622939156487
2020-06-23 15:14:54,848 INFO archived 1275507623517990913
2020-06-23 15:14:54,920 INFO archived 1275507623949983752
2020-06-23 15:14:55,219 INFO archived 1275507624876916737
2020-06-23 15:14:55,220 INFO archived 1275507624952369152
2020-06-23 15:14:55,226 INFO archived 1275507625136963586
2020-06-23 15:14:55,369 INFO archived 1275507625824829440
2020-06-23 15:14:55,596 INFO archived 1275507626764353538
2020-06-23 15:14:56,048 INFO archived 1275507628572098562
2020-06-23 15:14:56,517 INFO archived 1275507630539145216
2020-06-23 15:14:56,574 INFO archived 1275507630774145028
2020-06-23 15:14:56,808 INFO archived 1275507631810117634
2020-06-23 15:14:56,846 INFO archived 1275507631822643202
2020-06-23 15:14:57,493 INFO archived 1275507634645450757
2020-06-23 15:14:57,652 INFO archived 1275507635241005062
2020-06-23 15:14:57,705 INFO archived 1275507635257827329
2020-06-23 15:14:57,709 INFO archived 1275507635412971520
2020-06-23 15:14:57,848 INFO archived 1275507636117504000
2020-06-23 15:14:58,103 INFO archived 1275507637078106117
2020-06-23 15:14:58,234 INFO archived 1275507637786820614
2020-06-23 15:14:58,440 INFO archived 1275507638516752387
2020-06-23 15:14:58,576 INFO archived 1275507639250817025
2020-06-23 15:14:58,619 INFO archived 1275507639284269058
2020-06-23 15:14:58,862 INFO archived 1275507640324497409
2020-06-23 15:14:59,313 INFO archived 1275507641876271104
2020-06-23 15:14:59,831 INFO archived 1275507644019748872
2020-06-23 15:14:59,838 INFO archived 1275507644208480257
2020-06-23 15:15:00,029 INFO archived 1275507645198274562
2020-06-23 15:15:00,110 INFO archived 1275507645575815168
2020-06-23 15:15:00,120 INFO archived 1275507645722406912
2020-06-23 15:15:00,132 INFO archived 1275507645734989824
2020-06-23 15:15:00,167 INFO archived 1275507645840011264
2020-06-23 15:15:00,197 INFO archived 1275507645949136898
2020-06-23 15:15:00,521 INFO archived 1275507647308075008
2020-06-23 15:15:00,525 INFO archived 1275507647274463240
2020-06-23 15:15:00,548 INFO archived 1275507647513530368
2020-06-23 15:15:00,553 INFO archived 1275507647370760192
2020-06-23 15:15:00,583 INFO archived 1275507647576342528
2020-06-23 15:15:00,586 INFO archived 1275507647597342721
2020-06-23 15:15:00,755 INFO archived 1275507648323031041
2020-06-23 15:15:01,668 INFO archived 1275507652131422209
2020-06-23 15:15:01,670 INFO archived 1275507652034850816
2020-06-23 15:15:01,671 INFO archived 1275507652131356672
2020-06-23 15:15:02,083 INFO archived 1275507653893120001
2020-06-23 15:15:02,453 INFO archived 1275507655419756552
2020-06-23 15:15:02,467 INFO archived 1275507655398821889
2020-06-23 15:15:02,905 INFO archived 1275507657240195073
2020-06-23 15:15:02,981 INFO archived 1275507657713913856
2020-06-23 15:15:03,023 INFO archived 1275507657873534976
2020-06-23 15:15:03,176 INFO archived 1275507658435551234
2020-06-23 15:15:03,320 INFO archived 1275507659169345536
2020-06-23 15:15:03,483 INFO archived 1275507659718791168
2020-06-23 15:15:03,716 INFO archived 1275507660750753793
2020-06-23 15:15:04,237 INFO archived 1275507662776565761
2020-06-23 15:15:04,453 INFO archived 1275507663871369218
2020-06-23 15:15:04,586 INFO archived 1275507664446001153
2020-06-23 15:15:04,816 INFO archived 1275507665309843456
2020-06-23 15:15:04,878 INFO archived 1275507665393856526
2020-06-23 15:15:04,886 INFO archived 1275507665490321409
2020-06-23 15:15:05,060 INFO archived 1275507666408931335
2020-06-23 15:15:05,074 INFO archived 1275507666236964869
2020-06-23 15:15:05,119 INFO archived 1275507666618593289
2020-06-23 15:15:05,217 INFO archived 1275507666987692032
2020-06-23 15:15:05,661 INFO archived 1275507668673859592
2020-06-23 15:15:05,663 INFO archived 1275507668820656128
2020-06-23 15:15:05,974 INFO archived 1275507667423899652
2020-06-23 15:15:06,278 INFO archived 1275507666945814529
2020-06-23 15:15:06,438 INFO archived 1275507672104796160
2020-06-23 15:15:06,585 INFO archived 1275507672733941760
2020-06-23 15:15:06,673 INFO archived 1275507663409827840
2020-06-23 15:15:07,137 INFO archived 1275507674835300356
2020-06-23 15:15:07,220 INFO archived 1275507675401531393
2020-06-23 15:15:07,221 INFO archived 1275507674059345925
2020-06-23 15:15:07,223 INFO archived 1275507675510583297
2020-06-23 15:15:07,275 INFO archived 1275507675581648896
2020-06-23 15:15:07,339 INFO archived 1275507676026474496
2020-06-23 15:15:07,342 INFO archived 1275507675854516224
2020-06-23 15:15:07,465 INFO archived 1275507676470841346
2020-06-23 15:15:07,468 INFO archived 1275507676441653248
2020-06-23 15:15:07,573 INFO archived 1275507676844363778
2020-06-23 15:15:07,647 INFO archived 1275507677280391168
2020-06-23 15:15:08,167 INFO archived 1275507679423795200
2020-06-23 15:15:08,530 INFO archived 1275507680707313667
2020-06-23 15:15:08,631 INFO archived 1275507681059536896
2020-06-23 15:15:08,645 INFO archived 1275507681248370688
2020-06-23 15:15:08,707 INFO archived 1275507681730519040
2020-06-23 15:15:08,854 INFO archived 1275507682213011456
2020-06-23 15:15:08,859 INFO archived 1275507681747484678
2020-06-23 15:15:08,889 INFO archived 1275507682527543298
2020-06-23 15:15:08,954 INFO archived 1275507682754072579
2020-06-23 15:15:09,034 INFO archived 1275507683022589963
2020-06-23 15:15:09,049 INFO archived 1275507683190284289
2020-06-23 15:15:09,682 INFO archived 1275507685182648324
2020-06-23 15:15:09,685 INFO archived 1275507685547360256
2020-06-23 15:15:09,825 INFO archived 1275507686289879041
2020-06-23 15:15:10,241 INFO archived 1275507688185556993
2020-06-23 15:15:10,344 INFO archived 1275507688101814274
2020-06-23 15:15:10,547 INFO archived 1275507689292996611
2020-06-23 15:15:10,670 INFO archived 1275507689980866560
2020-06-23 15:15:10,839 INFO archived 1275507689058172932
2020-06-23 15:15:11,294 INFO archived 1275507692484923392
2020-06-23 15:15:11,513 INFO archived 1275507693395025929
2020-06-23 15:15:11,682 INFO archived 1275507694233882635
2020-06-23 15:15:11,784 INFO archived 1275507693042761734
2020-06-23 15:15:11,947 INFO archived 1275507695228006406
2020-06-23 15:15:12,529 INFO archived 1275507697409024001
2020-06-23 15:15:12,613 INFO archived 1275507698134589442
2020-06-23 15:15:12,671 INFO archived 1275507698352533505
2020-06-23 15:15:12,678 INFO archived 1275507698331799557
2020-06-23 15:15:12,769 INFO archived 1275507698726027264
2020-06-23 15:15:12,932 INFO archived 1275507699375955968
2020-06-23 15:15:12,973 INFO archived 1275507699556417543
2020-06-23 15:15:13,092 INFO archived 1275507700105961473
2020-06-23 15:15:13,552 INFO archived 1275507701691240448
2020-06-23 15:15:13,559 INFO archived 1275507701653569536
2020-06-23 15:15:13,566 INFO archived 1275507701779329025
2020-06-23 15:15:13,594 INFO archived 1275507702223994881
2020-06-23 15:15:13,956 INFO archived 1275507703591428096
2020-06-23 15:15:13,981 INFO archived 1275507703734054919
2020-06-23 15:15:14,370 INFO archived 1275507705013325824
2020-06-23 15:15:14,372 INFO archived 1275507705269178369
2020-06-23 15:15:14,377 INFO archived 1275507705155932160
2020-06-23 15:15:14,380 INFO archived 1275507705432637446
2020-06-23 15:15:14,595 INFO archived 1275507706300960768
2020-06-23 15:15:14,603 INFO archived 1275507706426728459
2020-06-23 15:15:14,756 INFO archived 1275507707076804611
2020-06-23 15:15:14,787 INFO archived 1275507707106254849
2020-06-23 15:15:15,084 INFO archived 1275507708125470726
2020-06-23 15:15:15,701 INFO archived 1275507710734340099
2020-06-23 15:15:15,707 INFO archived 1275507710780272640
2020-06-23 15:15:15,758 INFO archived 1275507711220658176
2020-06-23 15:15:15,846 INFO archived 1275507711610781697
2020-06-23 15:15:16,049 INFO archived 1275507712504352771
2020-06-23 15:15:16,100 INFO archived 1275507712655273988
2020-06-23 15:15:16,240 INFO archived 1275507713238319104
2020-06-23 15:15:16,316 INFO archived 1275507713657561088
2020-06-23 15:15:16,323 INFO archived 1275507713049604097
2020-06-23 15:15:16,447 INFO archived 1275507714127474689
2020-06-23 15:15:16,507 INFO archived 1275507714224001024
2020-06-23 15:15:16,823 INFO archived 1275507715670970370
2020-06-23 15:15:17,442 INFO archived 1275507718271520769
2020-06-23 15:15:17,500 INFO archived 1275507718510587906
2020-06-23 15:15:17,899 INFO archived 1275507720020508672
2020-06-23 15:15:17,950 INFO archived 1275507720498499585
2020-06-23 15:15:18,567 INFO archived 1275507722855895043
2020-06-23 15:15:18,569 INFO archived 1275507722742648838
2020-06-23 15:15:18,870 INFO archived 1275507723786911750
2020-06-23 15:15:18,887 INFO archived 1275507724332171265
2020-06-23 15:15:19,389 INFO archived 1275507726072844289
2020-06-23 15:15:19,394 INFO archived 1275507726081241094
2020-06-23 15:15:19,559 INFO archived 1275507727234711554
2020-06-23 15:15:20,105 INFO archived 1275507729390583808
2020-06-23 15:15:20,149 INFO archived 1275507729499672577
2020-06-23 15:15:20,244 INFO archived 1275507730111795200
2020-06-23 15:15:20,512 INFO archived 1275507731223306242
2020-06-23 15:15:20,640 INFO archived 1275507731785547779
2020-06-23 15:15:20,921 INFO archived 1275507732704120839
2020-06-23 15:15:20,924 INFO archived 1275507732754378757
2020-06-23 15:15:21,115 INFO archived 1275507733782028291
2020-06-23 15:15:21,138 INFO archived 1275507733819621376
2020-06-23 15:15:21,159 INFO archived 1275507733844746240
2020-06-23 15:15:21,161 INFO archived 1275507733962330114
2020-06-23 15:15:21,277 INFO archived 1275507734423601152
2020-06-23 15:15:21,418 INFO archived 1275507734868373506
2020-06-23 15:15:21,566 INFO archived 1275507735610753030
2020-06-23 15:15:22,090 INFO archived 1275507737846300672
2020-06-23 15:15:22,563 INFO archived 1275507739477913600
2020-06-23 15:15:23,175 INFO archived 1275507742065610752
2020-06-23 15:15:23,258 INFO archived 1275507742632022016
2020-06-23 15:15:23,437 INFO archived 1275507743437107201
2020-06-23 15:15:23,528 INFO archived 1275507743789547522
2020-06-23 15:15:23,894 INFO archived 1275507745068912643
2020-06-23 15:15:23,951 INFO archived 1275507745517711360
2020-06-23 15:15:23,976 INFO archived 1275507745723211782
2020-06-23 15:15:24,178 INFO archived 1275507746436251649
2020-06-23 15:15:24,183 INFO archived 1275507746494955522
2020-06-23 15:15:24,605 INFO archived 1275507748294348800
2020-06-23 15:15:25,327 INFO archived 1275507751268032512
2020-06-23 15:15:25,341 INFO archived 1275507751439888385
2020-06-23 15:15:25,415 INFO archived 1275507751742058497
2020-06-23 15:15:25,837 INFO archived 1275507753457516545
2020-06-23 15:15:25,880 INFO archived 1275507753771991040
2020-06-23 15:15:25,996 INFO archived 1275507754166190080
2020-06-23 15:15:26,105 INFO archived 1275507754606551040
2020-06-23 15:15:26,228 INFO archived 1275507755164381184
2020-06-23 15:15:26,459 INFO archived 1275507756129230856
2020-06-23 15:15:26,474 INFO archived 1275507756259315713
2020-06-23 15:15:26,593 INFO archived 1275507756603039745
2020-06-23 15:15:26,714 INFO archived 1275507757123342337
2020-06-23 15:15:26,922 INFO archived 1275507758121521154
2020-06-23 15:15:26,990 INFO archived 1275507758293561347
2020-06-23 15:15:27,380 INFO archived 1275507760025743360
2020-06-23 15:15:27,784 INFO archived 1275507761300807681
2020-06-23 15:15:27,790 INFO archived 1275507761451798531
2020-06-23 15:15:27,811 INFO archived 1275507761728688128
2020-06-23 15:15:28,092 INFO archived 1275507762718441481
2020-06-23 15:15:28,395 INFO archived 1275507763943178240
2020-06-23 15:15:28,396 INFO archived 1275507764064854016
2020-06-23 15:15:28,497 INFO archived 1275507764727603200
2020-06-23 15:15:28,767 INFO archived 1275507765721563150
2020-06-23 15:15:29,323 INFO archived 1275507767676153860
2020-06-23 15:15:29,393 INFO archived 1275507768502284288
2020-06-23 15:15:29,496 INFO archived 1275507768796069889
2020-06-23 15:15:29,830 INFO archived 1275507770125664256
2020-06-23 15:15:29,831 INFO archived 1275507770230484992
2020-06-23 15:15:29,854 INFO archived 1275507770490404865
2020-06-23 15:15:29,900 INFO archived 1275507770620551173
2020-06-23 15:15:29,972 INFO archived 1275507770859683844
2020-06-23 15:15:30,343 INFO archived 1275507771996344320
2020-06-23 15:15:30,344 INFO archived 1275507772260364288
2020-06-23 15:15:30,348 INFO archived 1275507772528844801
2020-06-23 15:15:30,648 INFO archived 1275507773560819718
2020-06-23 15:15:30,711 INFO archived 1275507774026248193
2020-06-23 15:15:31,161 INFO archived 1275507775779594240
2020-06-23 15:15:31,176 INFO archived 1275507775959732224
2020-06-23 15:15:31,199 INFO archived 1275507776052178945
2020-06-23 15:15:31,468 INFO archived 1275507777008472066
2020-06-23 15:15:31,530 INFO archived 1275507777360875521
2020-06-23 15:15:31,580 INFO archived 1275507777490870273
2020-06-23 15:15:31,683 INFO archived 1275507778132443136
2020-06-23 15:15:31,992 INFO archived 1275507779277516800
2020-06-23 15:15:32,203 INFO archived 1275507780200411138
2020-06-23 15:15:32,493 INFO archived 1275507781282549761
2020-06-23 15:15:32,528 INFO archived 1275507781538164736
2020-06-23 15:15:32,665 INFO archived 1275507782230269953
2020-06-23 15:15:32,798 INFO archived 1275507782779879424
2020-06-23 15:15:33,415 INFO archived 1275507784965070850
2020-06-23 15:15:33,521 INFO archived 1275507785783037955
2020-06-23 15:15:33,783 INFO archived 1275507786844168192
2020-06-23 15:15:33,906 INFO archived 1275507787339051008
2020-06-23 15:15:34,086 INFO archived 1275507788052074498
2020-06-23 15:15:34,436 INFO archived 1275507789222248454
2020-06-23 15:15:34,440 INFO archived 1275507789478146057
2020-06-23 15:15:34,452 INFO archived 1275507789637529601
2020-06-23 15:15:34,541 INFO archived 1275507789922799617
2020-06-23 15:15:34,849 INFO archived 1275507790757462020
2020-06-23 15:15:34,851 INFO archived 1275507791344611330
2020-06-23 15:15:34,894 INFO archived 1275507791596269569
2020-06-23 15:15:34,915 INFO archived 1275507791705239553
2020-06-23 15:15:34,972 INFO archived 1275507791860568070
2020-06-23 15:15:35,019 INFO archived 1275507791915036672
2020-06-23 15:15:35,076 INFO archived 1275507792242257923
2020-06-23 15:15:35,127 INFO archived 1275507792460369921
2020-06-23 15:15:35,188 INFO archived 1275507792749768706
2020-06-23 15:15:35,273 INFO archived 1275507793102077954
2020-06-23 15:15:35,293 INFO archived 1275507793135460352
2020-06-23 15:15:35,347 INFO archived 1275507793395679235
2020-06-23 15:15:35,414 INFO archived 1275507793739554818
2020-06-23 15:15:35,517 INFO archived 1275507794079363074
2020-06-23 15:15:35,578 INFO archived 1275507794444197890
2020-06-23 15:15:35,983 INFO archived 1275507795601821698
2020-06-23 15:15:36,083 INFO archived 1275507796444921856
2020-06-23 15:15:36,385 INFO archived 1275507797694824450
2020-06-23 15:15:36,393 INFO archived 1275507797812224006
2020-06-23 15:15:36,534 INFO archived 1275507798252666882
2020-06-23 15:15:36,624 INFO archived 1275507798743437314
2020-06-23 15:15:36,642 INFO archived 1275507798911021057
2020-06-23 15:15:36,842 INFO archived 1275507799720488960
2020-06-23 15:15:36,930 INFO archived 1275507800131678213
2020-06-23 15:15:37,406 INFO archived 1275507801591296002
2020-06-23 15:15:37,713 INFO archived 1275507803092930560
2020-06-23 15:15:37,714 INFO archived 1275507803084304386
2020-06-23 15:15:37,742 INFO archived 1275507803478786048
2020-06-23 15:15:37,826 INFO archived 1275507803868839936
2020-06-23 15:15:37,903 INFO archived 1275507804183449601
2020-06-23 15:15:37,931 INFO archived 1275507804216983557
2020-06-23 15:15:38,333 INFO archived 1275507805378752513
2020-06-23 15:15:38,841 INFO archived 1275507807861616642
2020-06-23 15:15:38,844 INFO archived 1275507807970869249
2020-06-23 15:15:38,846 INFO archived 1275507808130273281
2020-06-23 15:15:39,149 INFO archived 1275507808914604032
2020-06-23 15:15:39,150 INFO archived 1275507809283522560
2020-06-23 15:15:39,176 INFO archived 1275507809405169664
2020-06-23 15:15:39,428 INFO archived 1275507810625892353
2020-06-23 15:15:39,463 INFO archived 1275507810751647747
2020-06-23 15:15:39,467 INFO archived 1275507810340667393
2020-06-23 15:15:39,518 INFO archived 1275507810894336000
2020-06-23 15:15:39,659 INFO archived 1275507811598786560
2020-06-23 15:15:39,764 INFO archived 1275507811926114304
2020-06-23 15:15:39,842 INFO archived 1275507812412665856
2020-06-23 15:15:39,900 INFO archived 1275507812538425345
2020-06-23 15:15:39,910 INFO archived 1275507812538425344
2020-06-23 15:15:57,760 INFO loading None profile from config /root/.twarc
2020-06-23 15:15:57,761 INFO creating http session
2020-06-23 15:15:57,762 INFO creating OAuth1 user authentication
2020-06-23 15:15:57,763 INFO getting ('https://api.twitter.com/1.1/account/verify_credentials.json',) {'params': {'tweet_mode': 'extended'}}
2020-06-23 15:15:57,982 INFO connecting to filter stream for {'stall_warning': True, 'include_ext_alt_text': True, 'track': '#BlackLivesMatter', 'language': 'en'}
2020-06-23 15:15:57,982 INFO posting ('https://stream.twitter.com/1.1/statuses/filter.json', {'stall_warning': True, 'include_ext_alt_text': True, 'track': '#BlackLivesMatter', 'language': 'en'}) {'headers': {'accept-encoding': 'deflate, gzip'}, 'stream': True}
2020-06-23 15:15:58,222 INFO archived 1275507889134694400
2020-06-23 15:15:58,277 INFO archived 1275507889524760576
2020-06-23 15:15:58,371 INFO archived 1275507890128924672
2020-06-23 15:15:58,384 INFO archived 1275507890007220225
2020-06-23 15:15:58,847 INFO archived 1275507892037222400
2020-06-23 15:15:58,955 INFO archived 1275507892351713282
2020-06-23 15:15:59,012 INFO archived 1275507892691406848
2020-06-23 15:15:59,038 INFO archived 1275507892741967874
2020-06-23 15:15:59,106 INFO archived 1275507892817465345
2020-06-23 15:15:59,236 INFO archived 1275507893501145091
2020-06-23 15:15:59,277 INFO archived 1275507893836689412
2020-06-23 15:15:59,459 INFO archived 1275507894612627457
2020-06-23 15:15:59,491 INFO archived 1275507894637772801
2020-06-23 15:15:59,692 INFO archived 1275507895493201920
2020-06-23 15:15:59,849 INFO archived 1275507896185311232
2020-06-23 15:16:00,343 INFO archived 1275507897821212675
2020-06-23 15:16:00,536 INFO archived 1275507899045830656
2020-06-23 15:16:00,541 INFO archived 1275507898857160704
2020-06-23 15:16:00,603 INFO archived 1275507899436015618
2020-06-23 15:16:00,749 INFO archived 1275507899989725184
2020-06-23 15:16:00,751 INFO archived 1275507900010696705
2020-06-23 15:16:00,899 INFO archived 1275507900702691328
2020-06-23 15:16:01,473 INFO archived 1275507902569201665
2020-06-23 15:16:01,479 INFO archived 1275507903009611777
2020-06-23 15:16:01,601 INFO archived 1275507903563091968
2020-06-23 15:16:01,986 INFO archived 1275507905106673664
2020-06-23 15:16:02,078 INFO archived 1275507905408753670
2020-06-23 15:16:02,388 INFO archived 1275507906784505859
2020-06-23 15:16:02,590 INFO archived 1275507907644346368
2020-06-23 15:16:02,719 INFO archived 1275507908231303168
2020-06-23 15:16:03,518 INFO archived 1275507910903238656
2020-06-23 15:16:03,519 INFO archived 1275507911238787075
2020-06-23 15:16:03,522 INFO archived 1275507911322595328
2020-06-23 15:16:04,030 INFO archived 1275507912954089472
2020-06-23 15:16:04,222 INFO archived 1275507914489421826
2020-06-23 15:16:04,751 INFO archived 1275507916238454785
2020-06-23 15:16:04,753 INFO archived 1275507916431212544
2020-06-23 15:16:04,784 INFO archived 1275507916922118155
2020-06-23 15:16:04,881 INFO archived 1275507917198852096
2020-06-23 15:16:05,297 INFO archived 1275507919048413184
2020-06-23 15:16:05,379 INFO archived 1275507919342141442
2020-06-23 15:16:05,440 INFO archived 1275507919702970368
2020-06-23 15:16:05,680 INFO archived 1275507920688431104
2020-06-23 15:16:06,488 INFO archived 1275507923808997377
2020-06-23 15:16:06,491 INFO archived 1275507923804971009
2020-06-23 15:16:06,492 INFO archived 1275507919505764355
2020-06-23 15:16:06,498 INFO archived 1275507923968548865
2020-06-23 15:16:06,593 INFO archived 1275507924442456064
2020-06-23 15:16:06,796 INFO archived 1275507924828291078
2020-06-23 15:16:06,848 INFO archived 1275507925595893760
2020-06-23 15:18:25,485 INFO loading None profile from config /root/.twarc
2020-06-23 15:18:25,487 INFO creating http session
2020-06-23 15:18:25,487 INFO creating OAuth1 user authentication
2020-06-23 15:18:25,488 INFO getting ('https://api.twitter.com/1.1/account/verify_credentials.json',) {'params': {'tweet_mode': 'extended'}}
2020-06-23 15:18:25,740 INFO connecting to filter stream for {'stall_warning': True, 'include_ext_alt_text': True, 'track': '#BlackLivesMatter', 'language': 'ko'}
2020-06-23 15:18:25,741 INFO posting ('https://stream.twitter.com/1.1/statuses/filter.json', {'stall_warning': True, 'include_ext_alt_text': True, 'track': '#BlackLivesMatter', 'language': 'ko'}) {'headers': {'accept-encoding': 'deflate, gzip'}, 'stream': True}
2020-06-23 15:19:03,497 INFO loading None profile from config /root/.twarc
2020-06-23 15:19:03,499 INFO creating http session
2020-06-23 15:19:03,499 INFO creating OAuth1 user authentication
2020-06-23 15:19:03,500 INFO getting ('https://api.twitter.com/1.1/account/verify_credentials.json',) {'params': {'tweet_mode': 'extended'}}
2020-06-23 15:19:03,769 INFO connecting to filter stream for {'stall_warning': True, 'include_ext_alt_text': True, 'track': '#BlackLivesMatter', 'language': 'en'}
2020-06-23 15:19:03,770 INFO posting ('https://stream.twitter.com/1.1/statuses/filter.json', {'stall_warning': True, 'include_ext_alt_text': True, 'track': '#BlackLivesMatter', 'language': 'en'}) {'headers': {'accept-encoding': 'deflate, gzip'}, 'stream': True}
2020-06-23 15:19:04,013 INFO archived 1275508667542986752
2020-06-23 15:19:04,144 INFO archived 1275508669107638275
2020-06-23 15:19:04,262 INFO archived 1275508669694656513
2020-06-23 15:19:04,272 INFO archived 1275508662266662912
2020-06-23 15:19:04,278 INFO archived 1275508669791297538
2020-06-23 15:19:04,283 INFO archived 1275508669837344769
2020-06-23 15:19:04,582 INFO archived 1275508671011749889
2020-06-23 15:19:04,657 INFO archived 1275508671250870274
2020-06-23 15:19:04,971 INFO archived 1275508671989104640
2020-06-23 15:19:05,482 INFO archived 1275508674778333184
2020-06-23 15:19:05,567 INFO archived 1275508675147264001
2020-06-23 15:19:05,605 INFO archived 1275508675319300099
2020-06-23 15:19:05,622 INFO archived 1275508675403116544
2020-06-23 15:19:06,096 INFO archived 1275508677160689676
2020-06-23 15:19:06,407 INFO archived 1275508678322343936
2020-06-23 15:19:06,528 INFO archived 1275508679169605632
2020-06-23 15:19:06,637 INFO archived 1275508679559839745
2020-06-23 15:19:06,679 INFO archived 1275508679425634304
2020-06-23 15:19:06,744 INFO archived 1275508679924748289
2020-06-23 15:19:06,756 INFO archived 1275508680176340994
2020-06-23 15:19:06,777 INFO archived 1275508680264474624
2020-06-23 15:19:06,968 INFO archived 1275508676355403783
2020-06-23 15:19:07,070 INFO archived 1275508681564491777
2020-06-23 15:19:07,634 INFO archived 1275508683443666944
2020-06-23 15:19:07,636 INFO archived 1275508683414224898
2020-06-23 15:19:07,741 INFO archived 1275508684232294402
2020-06-23 15:19:08,045 INFO archived 1275508685217968135
2020-06-23 15:19:08,058 INFO archived 1275508685486395392
2020-06-23 15:19:08,088 INFO archived 1275508685704478723
2020-06-23 15:19:08,250 INFO archived 1275508686127919104
2020-06-23 15:19:08,274 INFO archived 1275508686497210374
2020-06-23 15:19:08,359 INFO archived 1275508686946000896
2020-06-23 15:19:08,761 INFO archived 1275508688153870337
2020-06-23 15:19:09,072 INFO archived 1275508689835884544
2020-06-23 15:19:09,125 INFO archived 1275508690129485824
2020-06-23 15:19:09,580 INFO archived 1275508691765248001
2020-06-23 15:19:10,200 INFO archived 1275508694348955648
2020-06-23 15:19:10,500 INFO archived 1275508695808593924
2020-06-23 15:19:10,812 INFO archived 1275508696986972161
2020-06-23 15:19:10,921 INFO archived 1275508697448488963
2020-06-23 15:19:10,942 INFO archived 1275508697666654210
2020-06-23 15:19:11,140 INFO archived 1275508697817546755
2020-06-23 15:19:11,159 INFO archived 1275508698597728259
2020-06-23 15:19:11,173 INFO archived 1275508698660638724
2020-06-23 15:19:11,374 INFO archived 1275508699616944129
2020-06-23 15:19:11,438 INFO archived 1275508699855912960
2020-06-23 15:19:11,478 INFO archived 1275508699973419009
2020-06-23 15:19:11,559 INFO archived 1275508700174864385
2020-06-23 15:19:11,590 INFO archived 1275508700367564800
2020-06-23 15:19:11,811 INFO archived 1275508701332271104
2020-06-23 15:19:11,862 INFO archived 1275508701562990592
2020-06-23 15:19:12,083 INFO archived 1275508702494298115
2020-06-23 15:19:12,255 INFO archived 1275508703228297216
2020-06-23 15:19:12,356 INFO archived 1275508703685459969
2020-06-23 15:19:12,382 INFO archived 1275508703693803522
2020-06-23 15:19:12,389 INFO archived 1275508703828021250
2020-06-23 15:19:12,563 INFO archived 1275508704536940544
2020-06-23 15:19:12,566 INFO archived 1275508704557834240
2020-06-23 15:19:13,603 INFO loading None profile from config /root/.twarc
2020-06-23 15:19:13,606 INFO creating http session
2020-06-23 15:19:13,606 INFO creating OAuth1 user authentication
2020-06-23 15:19:13,607 INFO getting ('https://api.twitter.com/1.1/account/verify_credentials.json',) {'params': {'tweet_mode': 'extended'}}
2020-06-23 15:19:13,857 INFO connecting to filter stream for {'stall_warning': True, 'include_ext_alt_text': True, 'track': '#BlackLivesMatter', 'language': 'en'}
2020-06-23 15:19:13,858 INFO posting ('https://stream.twitter.com/1.1/statuses/filter.json', {'stall_warning': True, 'include_ext_alt_text': True, 'track': '#BlackLivesMatter', 'language': 'en'}) {'headers': {'accept-encoding': 'deflate, gzip'}, 'stream': True}
2020-06-23 15:19:14,166 INFO archived 1275508711155544066
2020-06-23 15:19:14,264 INFO archived 1275508711608459270
2020-06-23 15:19:14,598 INFO archived 1275508712728416263
2020-06-23 15:19:14,611 INFO archived 1275508713034579973
2020-06-23 15:19:14,711 INFO archived 1275508713386733568
2020-06-23 15:19:14,750 INFO archived 1275508713609199618
2020-06-23 15:19:14,784 INFO archived 1275508713818746880
2020-06-23 15:19:14,838 INFO archived 1275508713961512965
2020-06-23 15:19:15,039 INFO archived 1275508714842316800
2020-06-23 15:19:15,210 INFO archived 1275508715693568000
2020-06-23 15:19:15,519 INFO archived 1275508716654284800
2020-06-23 15:19:15,928 INFO archived 1275508718411661319
2020-06-23 15:19:16,086 INFO archived 1275508719288307712
2020-06-23 15:19:16,099 INFO archived 1275508719380357121
2020-06-23 15:19:16,438 INFO archived 1275508720647254016
2020-06-23 15:19:16,746 INFO archived 1275508721607602176
2020-06-23 15:19:16,747 INFO archived 1275508721968459780
2020-06-23 15:19:16,759 INFO archived 1275508722182180864
2020-06-23 15:19:16,901 INFO archived 1275508722639355905
2020-06-23 15:19:16,953 INFO archived 1275508722962292736
2020-06-23 15:19:16,995 INFO archived 1275508723142864896
2020-06-23 15:19:17,112 INFO archived 1275508723629293569
2020-06-23 15:19:17,194 INFO archived 1275508723985846274
2020-06-23 15:19:17,211 INFO archived 1275508724010848256
2020-06-23 15:19:17,567 INFO archived 1275508725168693248
2020-06-23 15:19:17,569 INFO archived 1275508725332262912
2020-06-23 15:19:17,570 INFO archived 1275508725415989249
2020-06-23 15:19:17,685 INFO archived 1275508725994926081
2020-06-23 15:19:17,890 INFO archived 1275508726812872709
2020-06-23 15:19:18,692 INFO archived 1275508729840930816
2020-06-23 15:19:18,694 INFO archived 1275508729891311616
2020-06-23 15:19:18,864 INFO archived 1275508730919084033
2020-06-23 15:19:19,160 INFO archived 1275508732080906247
2020-06-23 15:19:19,165 INFO archived 1275508732231847938
2020-06-23 15:19:19,282 INFO archived 1275508732764590080
2020-06-23 15:19:19,464 INFO archived 1275508733561335808
2020-06-23 15:19:19,480 INFO archived 1275508733418901504
2020-06-23 15:19:19,531 INFO archived 1275508733662179338
2020-06-23 15:19:19,672 INFO archived 1275508734232494082
2020-06-23 15:19:19,756 INFO archived 1275508734710525952
2020-06-23 15:19:19,784 INFO archived 1275508734727520257
2020-06-23 15:19:19,793 INFO archived 1275508734861742084
2020-06-23 15:19:19,857 INFO archived 1275508735092207616
2020-06-23 15:19:19,904 INFO archived 1275508735339716608
2020-06-23 15:19:20,047 INFO archived 1275508735880966144
2020-06-23 15:19:20,051 INFO archived 1275508735809474561
2020-06-23 15:19:20,067 INFO archived 1275508735935492100
2020-06-23 15:19:20,146 INFO archived 1275508736338071554
2020-06-23 15:19:20,638 INFO archived 1275508738141585412
2020-06-23 15:19:20,658 INFO archived 1275508738531766273
2020-06-23 15:19:21,153 INFO archived 1275508740310151171
2020-06-23 15:19:21,165 INFO archived 1275508740607709184
2020-06-23 15:19:21,213 INFO archived 1275508740599484417
2020-06-23 15:19:21,233 INFO archived 1275508740922511363
2020-06-23 15:19:21,377 INFO archived 1275508741329178624
2020-06-23 15:19:21,398 INFO archived 1275508741601968130
2020-06-23 15:19:21,660 INFO archived 1275508742520520706
2020-06-23 15:19:21,917 INFO archived 1275508743602503680
2020-06-23 15:19:22,100 INFO archived 1275508744550354945
2020-06-23 15:19:22,153 INFO archived 1275508744751919104
2020-06-23 15:19:22,186 INFO archived 1275508744785297413
2020-06-23 15:19:22,304 INFO archived 1275508745402015746
2020-06-23 15:19:22,315 INFO archived 1275508745330659332
2020-06-23 15:19:22,338 INFO archived 1275508745427210241
2020-06-23 15:19:22,376 INFO archived 1275508745636909056
2020-06-23 15:19:22,438 INFO archived 1275508745880186880
2020-06-23 15:19:22,529 INFO archived 1275508746362294272
2020-06-23 15:19:22,601 INFO archived 1275508746521841664
2020-06-23 15:19:23,735 INFO loading None profile from config /root/.twarc
2020-06-23 15:19:23,737 INFO creating http session
2020-06-23 15:19:23,737 INFO creating OAuth1 user authentication
2020-06-23 15:19:23,738 INFO getting ('https://api.twitter.com/1.1/account/verify_credentials.json',) {'params': {'tweet_mode': 'extended'}}
2020-06-23 15:19:23,967 INFO connecting to filter stream for {'stall_warning': True, 'include_ext_alt_text': True, 'track': '#BlackLivesMatter', 'language': 'en'}
2020-06-23 15:19:23,968 INFO posting ('https://stream.twitter.com/1.1/statuses/filter.json', {'stall_warning': True, 'include_ext_alt_text': True, 'track': '#BlackLivesMatter', 'language': 'en'}) {'headers': {'accept-encoding': 'deflate, gzip'}, 'stream': True}
2020-06-23 15:19:24,390 INFO archived 1275508754151141376
2020-06-23 15:19:24,836 INFO archived 1275508755845840896
2020-06-23 15:19:24,921 INFO archived 1275508756416270336
2020-06-23 15:19:24,972 INFO archived 1275508756600754178
2020-06-23 15:19:25,064 INFO archived 1275508756885929984
2020-06-23 15:19:25,232 INFO archived 1275508757636829187
2020-06-23 15:19:25,758 INFO archived 1275508758815227904
2020-06-23 15:19:25,934 INFO archived 1275508760463773696
2020-06-23 15:19:25,961 INFO archived 1275508760727953409
2020-06-23 15:19:26,005 INFO archived 1275508760946057216
2020-06-23 15:19:26,037 INFO archived 1275508761050918912
2020-06-23 15:19:26,068 INFO archived 1275508761235304449
2020-06-23 15:19:26,373 INFO archived 1275508762040610816
2020-06-23 15:19:26,680 INFO archived 1275508763445919744
2020-06-23 15:19:26,848 INFO archived 1275508764490100736
2020-06-23 15:19:26,922 INFO archived 1275508764779544577
2020-06-23 15:19:26,978 INFO archived 1275508764993519616
2020-06-23 15:19:27,026 INFO archived 1275508765014589442
2020-06-23 15:19:27,102 INFO archived 1275508765387894785
2020-06-23 15:19:27,208 INFO archived 1275508765920423937
2020-06-23 15:19:27,307 INFO archived 1275508766402805760
2020-06-23 15:19:27,421 INFO archived 1275508766885249024
2020-06-23 15:19:27,465 INFO archived 1275508767069790209
2020-06-23 15:19:27,808 INFO archived 1275508768105811972
2020-06-23 15:19:27,811 INFO archived 1275508768206397440
2020-06-23 15:19:28,318 INFO archived 1275508770248880128
2020-06-23 15:19:28,321 INFO archived 1275508769997197312
2020-06-23 15:19:28,322 INFO archived 1275508770282536960
2020-06-23 15:19:28,323 INFO archived 1275508770622197760
2020-06-23 15:19:28,368 INFO archived 1275508770857193474
2020-06-23 15:19:28,422 INFO archived 1275508771075305475
2020-06-23 15:19:28,838 INFO archived 1275508772434137088
2020-06-23 15:19:28,968 INFO archived 1275508773382246400
2020-06-23 15:19:28,994 INFO archived 1275508773449326599
2020-06-23 15:19:29,343 INFO archived 1275508774506283020
2020-06-23 15:19:29,424 INFO archived 1275508775265411073
2020-06-23 15:19:29,525 INFO archived 1275508775533895688
2020-06-23 15:19:30,058 INFO archived 1275508777882660866
2020-06-23 15:19:30,059 INFO archived 1275508777836597249
2020-06-23 15:19:30,471 INFO archived 1275508779547648001
2020-06-23 15:19:30,598 INFO archived 1275508780193759233
2020-06-23 15:19:30,613 INFO archived 1275508780181213185
2020-06-23 15:19:30,661 INFO archived 1275508780436992000
2020-06-23 15:19:30,745 INFO archived 1275508780797747201
2020-06-23 15:19:31,086 INFO archived 1275508782026518528
2020-06-23 15:19:31,137 INFO archived 1275508782521614341
2020-06-23 15:19:31,493 INFO archived 1275508783490445313
2020-06-23 15:19:31,494 INFO archived 1275508783859589120
2020-06-23 15:19:31,610 INFO archived 1275508784442589184
2020-06-23 15:19:31,702 INFO archived 1275508784719413248
2020-06-23 15:19:31,715 INFO archived 1275508784698257408
2020-06-23 15:19:31,870 INFO archived 1275508785449177088
2020-06-23 15:19:32,109 INFO archived 1275508786371985408
2020-06-23 15:19:32,111 INFO archived 1275508786434891776
2020-06-23 15:19:32,381 INFO archived 1275508787563069440
2020-06-23 15:19:32,578 INFO archived 1275508788464726016
2020-06-23 15:19:32,637 INFO archived 1275508788691378177
2020-06-23 15:19:33,950 INFO loading None profile from config /root/.twarc
2020-06-23 15:19:33,952 INFO creating http session
2020-06-23 15:19:33,953 INFO creating OAuth1 user authentication
2020-06-23 15:19:33,954 INFO getting ('https://api.twitter.com/1.1/account/verify_credentials.json',) {'params': {'tweet_mode': 'extended'}}
2020-06-23 15:19:34,168 INFO connecting to filter stream for {'stall_warning': True, 'include_ext_alt_text': True, 'track': '#BlackLivesMatter', 'language': 'en'}
2020-06-23 15:19:34,169 INFO posting ('https://stream.twitter.com/1.1/statuses/filter.json', {'stall_warning': True, 'include_ext_alt_text': True, 'track': '#BlackLivesMatter', 'language': 'en'}) {'headers': {'accept-encoding': 'deflate, gzip'}, 'stream': True}
2020-06-23 15:19:34,526 INFO archived 1275508796685553664
2020-06-23 15:19:34,608 INFO archived 1275508797008539650
2020-06-23 15:19:34,807 INFO archived 1275508797784625158
2020-06-23 15:19:35,020 INFO archived 1275508798732611585
2020-06-23 15:19:35,384 INFO archived 1275508799810367488
2020-06-23 15:19:35,435 INFO archived 1275508800393326592
2020-06-23 15:19:35,506 INFO archived 1275508800812806144
2020-06-23 15:19:35,616 INFO archived 1275508801261711360
2020-06-23 15:19:35,687 INFO archived 1275508801496645633
2020-06-23 15:19:35,693 INFO archived 1275508801593053185
2020-06-23 15:19:36,103 INFO archived 1275508803107057664
2020-06-23 15:19:36,182 INFO archived 1275508803472154625
2020-06-23 15:19:36,612 INFO archived 1275508805095157760
2020-06-23 15:19:36,616 INFO archived 1275508804961124359
2020-06-23 15:19:37,079 INFO archived 1275508807406432257
2020-06-23 15:19:37,087 INFO archived 1275508807427293187
2020-06-23 15:19:37,536 INFO archived 1275508808719179778
2020-06-23 15:19:37,537 INFO archived 1275508809176354817
2020-06-23 15:19:37,583 INFO archived 1275508809440661504
2020-06-23 15:19:37,686 INFO archived 1275508809809698818
2020-06-23 15:19:37,859 INFO archived 1275508810577326080
2020-06-23 15:19:37,965 INFO archived 1275508810929577985
2020-06-23 15:19:38,041 INFO archived 1275508811344883712
2020-06-23 15:19:38,151 INFO archived 1275508811843821568
2020-06-23 15:19:38,157 INFO archived 1275508811843936257
2020-06-23 15:19:38,213 INFO archived 1275508812082864128
2020-06-23 15:19:38,314 INFO archived 1275508812565188613
2020-06-23 15:19:38,381 INFO archived 1275508812821213187
2020-06-23 15:19:38,421 INFO archived 1275508812909121536
2020-06-23 15:19:38,425 INFO archived 1275508812972208129
2020-06-23 15:19:38,565 INFO archived 1275508813479600128
2020-06-23 15:19:38,864 INFO archived 1275508814603849738
2020-06-23 15:19:38,984 INFO archived 1275508815354527747
2020-06-23 15:19:39,044 INFO archived 1275508815639703552
2020-06-23 15:19:39,068 INFO archived 1275508815673294848
2020-06-23 15:19:39,101 INFO archived 1275508815774076928
2020-06-23 15:19:39,172 INFO archived 1275508816067670016
2020-06-23 15:19:39,309 INFO archived 1275508816566603776
2020-06-23 15:19:39,323 INFO archived 1275508816705130497
2020-06-23 15:19:39,393 INFO archived 1275508817095204868
2020-06-23 15:19:39,465 INFO archived 1275508817296531457
2020-06-23 15:19:39,790 INFO archived 1275508818282242048
2020-06-23 15:19:39,794 INFO archived 1275508818525462531
2020-06-23 15:19:39,805 INFO archived 1275508818701684737
2020-06-23 15:19:39,811 INFO archived 1275508818752016390
2020-06-23 15:19:39,933 INFO archived 1275508819293016066
2020-06-23 15:19:40,299 INFO archived 1275508820677140482
2020-06-23 15:19:40,708 INFO archived 1275508822484844545
2020-06-23 15:19:41,011 INFO archived 1275508823852187648
2020-06-23 15:19:41,196 INFO archived 1275508824636485633
2020-06-23 15:19:41,238 INFO archived 1275508824749867008
2020-06-23 15:19:41,344 INFO archived 1275508825257320450
2020-06-23 15:19:41,373 INFO archived 1275508825370628105
2020-06-23 15:19:41,897 INFO archived 1275508827303972865
2020-06-23 15:19:42,110 INFO archived 1275508828503773184
2020-06-23 15:19:42,163 INFO archived 1275508828633624576
2020-06-23 15:19:42,287 INFO archived 1275508829183148032
2020-06-23 15:19:42,438 INFO archived 1275508829770276864
2020-06-23 15:19:42,605 INFO archived 1275508830110187520
2020-06-23 15:19:44,141 INFO loading None profile from config /root/.twarc
2020-06-23 15:19:44,143 INFO creating http session
2020-06-23 15:19:44,143 INFO creating OAuth1 user authentication
2020-06-23 15:19:44,145 INFO getting ('https://api.twitter.com/1.1/account/verify_credentials.json',) {'params': {'tweet_mode': 'extended'}}
2020-06-23 15:19:44,399 INFO connecting to filter stream for {'stall_warning': True, 'include_ext_alt_text': True, 'track': '#BlackLivesMatter', 'language': 'en'}
2020-06-23 15:19:44,399 INFO posting ('https://stream.twitter.com/1.1/statuses/filter.json', {'stall_warning': True, 'include_ext_alt_text': True, 'track': '#BlackLivesMatter', 'language': 'en'}) {'headers': {'accept-encoding': 'deflate, gzip'}, 'stream': True}
2020-06-23 15:19:45,321 INFO archived 1275508841870843904
2020-06-23 15:19:45,408 INFO archived 1275508842063900686
2020-06-23 15:19:45,578 INFO archived 1275508842932166657
2020-06-23 15:19:45,834 INFO archived 1275508844068769792
2020-06-23 15:19:45,850 INFO archived 1275508844135923712
2020-06-23 15:19:46,238 INFO archived 1275508845562015745
2020-06-23 15:19:46,263 INFO archived 1275508845901688834
2020-06-23 15:19:46,292 INFO archived 1275508846081916928
2020-06-23 15:19:46,649 INFO archived 1275508847109496832
2020-06-23 15:19:46,805 INFO archived 1275508848124661762
2020-06-23 15:19:47,160 INFO archived 1275508849554984961
2020-06-23 15:19:47,251 INFO archived 1275508849970229250
2020-06-23 15:19:47,258 INFO archived 1275508849701793793
2020-06-23 15:19:47,333 INFO archived 1275508850372816896
2020-06-23 15:19:47,441 INFO archived 1275508850838380544
2020-06-23 15:19:47,567 INFO archived 1275508851371053056
2020-06-23 15:19:47,724 INFO archived 1275508851966648327
2020-06-23 15:19:47,787 INFO archived 1275508852163665920
2020-06-23 15:19:47,825 INFO archived 1275508852369358848
2020-06-23 15:19:47,968 INFO archived 1275508853031960578
2020-06-23 15:19:47,996 INFO archived 1275508853199851525
2020-06-23 15:19:48,124 INFO archived 1275508853715505153
2020-06-23 15:19:48,125 INFO archived 1275508853698752512
2020-06-23 15:19:48,391 INFO archived 1275508854575427591
2020-06-23 15:19:48,420 INFO archived 1275508854974005248
2020-06-23 15:19:48,583 INFO archived 1275508855619956738
2020-06-23 15:19:49,005 INFO archived 1275508857024811008
2020-06-23 15:19:49,014 INFO archived 1275508857373065216
2020-06-23 15:19:49,054 INFO archived 1275508857645617152
2020-06-23 15:19:49,514 INFO archived 1275508859273019392
2020-06-23 15:19:49,515 INFO archived 1275508859323535365
2020-06-23 15:19:49,649 INFO archived 1275508860028141568
2020-06-23 15:19:49,701 INFO archived 1275508860313190400
2020-06-23 15:19:49,856 INFO archived 1275508860984471554
2020-06-23 15:19:49,915 INFO archived 1275508861135458304
2020-06-23 15:19:50,018 INFO archived 1275508861487595521
2020-06-23 15:19:50,338 INFO archived 1275508862683090945
2020-06-23 15:19:50,385 INFO archived 1275508863228186624
2020-06-23 15:19:50,413 INFO archived 1275508863211573248
2020-06-23 15:19:50,743 INFO archived 1275508864369283072
2020-06-23 15:19:50,745 INFO archived 1275508864578998273
2020-06-23 15:19:50,831 INFO archived 1275508865006739458
2020-06-23 15:19:50,831 INFO archived 1275508864973225987
2020-06-23 15:19:50,859 INFO archived 1275508865082314752
2020-06-23 15:19:51,000 INFO archived 1275508865807810561
2020-06-23 15:19:51,023 INFO archived 1275508865887621122
2020-06-23 15:19:51,103 INFO archived 1275508866080485378
2020-06-23 15:19:51,476 INFO archived 1275508867603091456
2020-06-23 15:19:51,768 INFO archived 1275508868622110720
2020-06-23 15:19:51,826 INFO archived 1275508868995354624
2020-06-23 15:19:52,177 INFO archived 1275508870388092928
2020-06-23 15:19:52,220 INFO archived 1275508870882963456
2020-06-23 15:19:52,360 INFO archived 1275508871331749891
2020-06-23 15:19:52,691 INFO archived 1275508872707522562
2020-06-23 15:19:52,838 INFO archived 1275508873424769026
2020-06-23 15:19:54,423 INFO loading None profile from config /root/.twarc
2020-06-23 15:19:54,425 INFO creating http session
2020-06-23 15:19:54,426 INFO creating OAuth1 user authentication
2020-06-23 15:19:54,428 INFO getting ('https://api.twitter.com/1.1/account/verify_credentials.json',) {'params': {'tweet_mode': 'extended'}}
2020-06-23 15:19:54,677 INFO connecting to filter stream for {'stall_warning': True, 'include_ext_alt_text': True, 'track': '#BlackLivesMatter', 'language': 'en'}
2020-06-23 15:19:54,677 INFO posting ('https://stream.twitter.com/1.1/statuses/filter.json', {'stall_warning': True, 'include_ext_alt_text': True, 'track': '#BlackLivesMatter', 'language': 'en'}) {'headers': {'accept-encoding': 'deflate, gzip'}, 'stream': True}
2020-06-23 15:19:55,266 INFO archived 1275508883193163776
2020-06-23 15:19:55,285 INFO archived 1275508883142799360
2020-06-23 15:19:55,300 INFO archived 1275508883243630594
2020-06-23 15:19:55,316 INFO archived 1275508883331715072
2020-06-23 15:19:55,380 INFO archived 1275508884132646912
2020-06-23 15:19:55,559 INFO archived 1275508884757774336
2020-06-23 15:19:55,632 INFO archived 1275508885156171780
2020-06-23 15:19:55,965 INFO archived 1275508886389350403
2020-06-23 15:19:55,967 INFO archived 1275508886552768512
2020-06-23 15:19:56,058 INFO archived 1275508887022645248
2020-06-23 15:19:56,078 INFO archived 1275508886955491330
2020-06-23 15:19:56,081 INFO archived 1275508887009947649
2020-06-23 15:19:56,086 INFO archived 1275508887047766018
2020-06-23 15:19:56,787 INFO archived 1275508889715240961
2020-06-23 15:19:56,888 INFO archived 1275508890478628864
2020-06-23 15:19:56,989 INFO archived 1275508890923384833
2020-06-23 15:19:57,057 INFO archived 1275508891128905729
2020-06-23 15:19:57,123 INFO archived 1275508891435098113
2020-06-23 15:19:57,148 INFO archived 1275508891464478720
2020-06-23 15:19:57,602 INFO archived 1275508893091803136
2020-06-23 15:19:57,607 INFO archived 1275508893049856008
2020-06-23 15:19:57,658 INFO archived 1275508893699973121
2020-06-23 15:19:57,799 INFO archived 1275508894106820610
2020-06-23 15:19:57,805 INFO archived 1275508894287134720
2020-06-23 15:19:57,841 INFO archived 1275508894530367488
2020-06-23 15:19:57,970 INFO archived 1275508894903738368
2020-06-23 15:19:58,050 INFO archived 1275508895268700170
2020-06-23 15:19:58,062 INFO archived 1275508895264444417
2020-06-23 15:19:58,218 INFO archived 1275508895977558017
2020-06-23 15:19:58,385 INFO archived 1275508896719876096
2020-06-23 15:19:58,610 INFO archived 1275508897693020163
2020-06-23 15:19:58,624 INFO archived 1275508897592246279
2020-06-23 15:19:59,223 INFO archived 1275508900205416449
2020-06-23 15:19:59,241 INFO archived 1275508900247277574
2020-06-23 15:19:59,549 INFO archived 1275508901279084544
2020-06-23 15:19:59,654 INFO archived 1275508901899907072
2020-06-23 15:19:59,660 INFO archived 1275508901962809345
2020-06-23 15:19:59,681 INFO archived 1275508902109601794
2020-06-23 15:19:59,683 INFO archived 1275508902092836866
2020-06-23 15:19:59,740 INFO archived 1275508902457675777
2020-06-23 15:19:59,908 INFO archived 1275508903070052355
2020-06-23 15:19:59,967 INFO archived 1275508903262986241
2020-06-23 15:20:00,376 INFO archived 1275508904542248960
2020-06-23 15:20:00,426 INFO archived 1275508905246851073
2020-06-23 15:20:00,563 INFO archived 1275508905804791812
2020-06-23 15:20:00,622 INFO archived 1275508906136088581
2020-06-23 15:20:00,696 INFO archived 1275508906366828545
2020-06-23 15:20:00,789 INFO archived 1275508906622681089
2020-06-23 15:20:00,964 INFO archived 1275508907574571008
2020-06-23 15:20:01,066 INFO archived 1275508907985629186
2020-06-23 15:20:01,701 INFO archived 1275508910204444672
2020-06-23 15:20:01,702 INFO archived 1275508909902626817
2020-06-23 15:20:01,710 INFO archived 1275508910560956417
2020-06-23 15:20:01,890 INFO archived 1275508911437688833
2020-06-23 15:20:02,317 INFO archived 1275508912804880384
2020-06-23 15:20:02,320 INFO archived 1275508912964411392
2020-06-23 15:20:02,468 INFO archived 1275508913853599745
2020-06-23 15:20:02,481 INFO archived 1275508913845276674
2020-06-23 15:20:02,575 INFO archived 1275508914071666688
2020-06-23 15:20:02,928 INFO archived 1275508915380289538
2020-06-23 15:20:03,102 INFO archived 1275508916521259010
2020-06-23 15:20:03,192 INFO archived 1275508916785311745
2020-06-23 15:20:03,286 INFO archived 1275508917158764551
2020-06-23 15:20:03,338 INFO archived 1275508917355896832
2020-06-23 15:20:04,280 INFO loading None profile from config /root/.twarc
2020-06-23 15:20:04,281 INFO creating http session
2020-06-23 15:20:04,281 INFO creating OAuth1 user authentication
2020-06-23 15:20:04,282 INFO getting ('https://api.twitter.com/1.1/account/verify_credentials.json',) {'params': {'tweet_mode': 'extended'}}
2020-06-23 15:20:04,515 INFO connecting to filter stream for {'stall_warning': True, 'include_ext_alt_text': True, 'track': '#BlackLivesMatter', 'language': 'en'}
2020-06-23 15:20:04,515 INFO posting ('https://stream.twitter.com/1.1/statuses/filter.json', {'stall_warning': True, 'include_ext_alt_text': True, 'track': '#BlackLivesMatter', 'language': 'en'}) {'headers': {'accept-encoding': 'deflate, gzip'}, 'stream': True}
2020-06-23 15:20:04,921 INFO archived 1275508924142088192
2020-06-23 15:20:05,285 INFO archived 1275508925530607616
2020-06-23 15:20:05,299 INFO archived 1275508925748719617
2020-06-23 15:20:05,477 INFO archived 1275508926415544322
2020-06-23 15:20:05,734 INFO archived 1275508927589871618
2020-06-23 15:20:06,415 INFO archived 1275508930043658241
2020-06-23 15:20:06,462 INFO archived 1275508930324631561
2020-06-23 15:20:06,554 INFO archived 1275508930936885248
2020-06-23 15:20:06,616 INFO archived 1275508931096428546
2020-06-23 15:20:06,667 INFO archived 1275508931478118406
2020-06-23 15:20:06,692 INFO archived 1275508931381661702
2020-06-23 15:20:06,735 INFO archived 1275508931691982848
2020-06-23 15:20:07,128 INFO archived 1275508933055086593
2020-06-23 15:20:07,178 INFO archived 1275508933604622338
2020-06-23 15:20:07,268 INFO archived 1275508929099755520
2020-06-23 15:20:07,285 INFO archived 1275508933994655754
2020-06-23 15:20:07,326 INFO archived 1275508934237880321
2020-06-23 15:20:07,332 INFO archived 1275508934124634112
2020-06-23 15:20:07,641 INFO archived 1275508935361998854
2020-06-23 15:20:07,737 INFO archived 1275508935751987201
2020-06-23 15:20:07,785 INFO archived 1275508936079224834
2020-06-23 15:20:07,822 INFO archived 1275508936305717253
2020-06-23 15:20:07,874 INFO archived 1275508936523857920
2020-06-23 15:20:07,922 INFO archived 1275508936196661251
2020-06-23 15:20:07,964 INFO archived 1275508936716759042
2020-06-23 15:20:08,124 INFO archived 1275508937505345541
2020-06-23 15:20:08,127 INFO archived 1275508937522061312
2020-06-23 15:20:08,764 INFO archived 1275508940034408448
2020-06-23 15:20:08,779 INFO archived 1275508940164534274
2020-06-23 15:20:08,893 INFO archived 1275508940789465088
2020-06-23 15:20:08,921 INFO archived 1275508940911116289
2020-06-23 15:20:09,176 INFO archived 1275508941825273857
2020-06-23 15:20:09,180 INFO archived 1275508941909143552
2020-06-23 15:20:09,188 INFO archived 1275508942014201856
2020-06-23 15:20:09,273 INFO archived 1275508919582908416
2020-06-23 15:20:09,411 INFO archived 1275508942932762624
2020-06-23 15:20:09,460 INFO archived 1275508942706290691
2020-06-23 15:20:09,511 INFO archived 1275508943448494081
2020-06-23 15:20:09,546 INFO archived 1275508943473618944
2020-06-23 15:20:09,739 INFO archived 1275508944283201537
2020-06-23 15:20:09,880 INFO archived 1275508944841183235
2020-06-23 15:20:10,081 INFO archived 1275508945742901248
2020-06-23 15:20:10,082 INFO archived 1275508945772306433
2020-06-23 15:20:10,225 INFO archived 1275508946317516800
2020-06-23 15:20:10,265 INFO archived 1275508946485293058
2020-06-23 15:20:10,326 INFO archived 1275508946850115586
2020-06-23 15:20:10,524 INFO archived 1275508947580051458
2020-06-23 15:20:10,557 INFO archived 1275508947642920960
2020-06-23 15:20:10,925 INFO archived 1275508948758597633
2020-06-23 15:20:10,928 INFO archived 1275508948913631234
2020-06-23 15:20:10,930 INFO archived 1275508948989345792
2020-06-23 15:20:11,063 INFO archived 1275508949681352704
2020-06-23 15:20:11,196 INFO archived 1275508950260158465
2020-06-23 15:20:11,225 INFO archived 1275508950528667650
2020-06-23 15:20:11,247 INFO archived 1275508950654427136
2020-06-23 15:20:11,326 INFO archived 1275508950989930496
2020-06-23 15:20:11,345 INFO archived 1275508951094878211
2020-06-23 15:20:11,460 INFO archived 1275508951577051136
2020-06-23 15:20:11,739 INFO archived 1275508952592027648
2020-06-23 15:20:11,743 INFO archived 1275508952457936897
2020-06-23 15:20:11,852 INFO archived 1275508952596451329
2020-06-23 15:20:11,939 INFO archived 1275508953485422592
2020-06-23 15:20:12,081 INFO archived 1275508954014068742
2020-06-23 15:20:12,287 INFO archived 1275508955020693504
2020-06-23 15:20:12,359 INFO archived 1275508955289210880
2020-06-23 15:20:12,440 INFO archived 1275508955607957504
2020-06-23 15:20:12,761 INFO archived 1275508956610334722
2020-06-23 15:20:12,763 INFO archived 1275508956828401666
2020-06-23 15:20:12,773 INFO archived 1275508957008637952
2020-06-23 15:20:12,877 INFO archived 1275508957465972742
2020-06-23 15:20:12,902 INFO archived 1275508957650358272
2020-06-23 15:20:12,999 INFO archived 1275508957998723073
2020-06-23 15:20:13,066 INFO archived 1275508958237618176
2020-06-23 15:20:13,181 INFO archived 1275508958770327554
2020-06-23 15:20:13,194 INFO archived 1275508958787178497
2020-06-23 15:20:13,390 INFO archived 1275508959676444680
2020-06-23 15:20:14,486 INFO loading None profile from config /root/.twarc
2020-06-23 15:20:14,488 INFO creating http session
2020-06-23 15:20:14,488 INFO creating OAuth1 user authentication
2020-06-23 15:20:14,490 INFO getting ('https://api.twitter.com/1.1/account/verify_credentials.json',) {'params': {'tweet_mode': 'extended'}}
2020-06-23 15:20:14,736 INFO connecting to filter stream for {'stall_warning': True, 'include_ext_alt_text': True, 'track': '#BlackLivesMatter', 'language': 'en'}
2020-06-23 15:20:14,736 INFO posting ('https://stream.twitter.com/1.1/statuses/filter.json', {'stall_warning': True, 'include_ext_alt_text': True, 'track': '#BlackLivesMatter', 'language': 'en'}) {'headers': {'accept-encoding': 'deflate, gzip'}, 'stream': True}
2020-06-23 15:20:15,046 INFO archived 1275508966605361152
2020-06-23 15:20:15,121 INFO archived 1275508966878035968
2020-06-23 15:20:15,160 INFO archived 1275508966286602240
2020-06-23 15:20:15,259 INFO archived 1275508967481974786
2020-06-23 15:20:15,626 INFO archived 1275508968622866433
2020-06-23 15:20:15,935 INFO archived 1275508970145419264
2020-06-23 15:20:16,037 INFO archived 1275508970745036800
2020-06-23 15:20:16,078 INFO archived 1275508970954915843
2020-06-23 15:20:16,094 INFO archived 1275508970988470278
2020-06-23 15:20:16,110 INFO archived 1275508971084939264
2020-06-23 15:20:16,237 INFO archived 1275508971613368324
2020-06-23 15:20:16,244 INFO archived 1275508971475009538
2020-06-23 15:20:16,284 INFO archived 1275508971827351552
2020-06-23 15:20:16,308 INFO archived 1275508971860905984
2020-06-23 15:20:16,319 INFO archived 1275508971961495557
2020-06-23 15:20:16,424 INFO archived 1275508972355756033
2020-06-23 15:20:16,589 INFO archived 1275508973018312705
2020-06-23 15:20:16,605 INFO archived 1275508973135966215
2020-06-23 15:20:16,715 INFO archived 1275508973572063232
2020-06-23 15:20:16,803 INFO archived 1275508973978783745
2020-06-23 15:20:16,805 INFO archived 1275508973903450115
2020-06-23 15:20:16,838 INFO archived 1275508974071267336
2020-06-23 15:20:16,877 INFO archived 1275508974314553347
2020-06-23 15:20:16,904 INFO archived 1275508974389993472
2020-06-23 15:20:16,944 INFO archived 1275508974562037761
2020-06-23 15:20:16,971 INFO archived 1275508974725599233
2020-06-23 15:20:17,016 INFO archived 1275508974868021248
2020-06-23 15:20:17,065 INFO archived 1275508975073660929
2020-06-23 15:20:17,070 INFO archived 1275508975060967424
2020-06-23 15:20:17,074 INFO archived 1275508975157403650
2020-06-23 15:20:17,080 INFO archived 1275508975098908676
2020-06-23 15:20:17,173 INFO archived 1275508975526653952
2020-06-23 15:20:17,190 INFO archived 1275508975564238848
2020-06-23 15:20:17,209 INFO archived 1275508975715397633
2020-06-23 15:20:17,229 INFO archived 1275508975723741184
2020-06-23 15:20:17,271 INFO archived 1275508975853801477
2020-06-23 15:20:17,344 INFO archived 1275508976126439426
2020-06-23 15:20:17,345 INFO archived 1275508976222908422
2020-06-23 15:20:17,367 INFO archived 1275508976294256640
2020-06-23 15:20:17,445 INFO archived 1275508976730419207
2020-06-23 15:20:17,513 INFO archived 1275508976977928194
2020-06-23 15:20:17,527 INFO archived 1275508977053335552
2020-06-23 15:20:17,547 INFO archived 1275508977120485383
2020-06-23 15:20:17,557 INFO archived 1275508977183469569
2020-06-23 15:20:17,566 INFO archived 1275508977103757317
2020-06-23 15:20:17,674 INFO archived 1275508977502208000
2020-06-23 15:20:17,677 INFO archived 1275508977573466112
2020-06-23 15:20:17,686 INFO archived 1275508977745395712
2020-06-23 15:20:17,779 INFO archived 1275508978076835840
2020-06-23 15:20:17,785 INFO archived 1275508978110345218
2020-06-23 15:20:17,803 INFO archived 1275508978055884801
2020-06-23 15:20:17,806 INFO archived 1275508978013933568
2020-06-23 15:20:17,821 INFO archived 1275508978190110725
2020-06-23 15:20:17,837 INFO archived 1275508978336837632
2020-06-23 15:20:17,880 INFO archived 1275508978529603584
2020-06-23 15:20:17,897 INFO archived 1275508978580103168
2020-06-23 15:20:17,911 INFO archived 1275508978559090694
2020-06-23 15:20:18,100 INFO archived 1275508979460866048
2020-06-23 15:20:18,181 INFO archived 1275508979297398788
2020-06-23 15:20:18,263 INFO archived 1275508980127723521
2020-06-23 15:20:18,293 INFO archived 1275508980241104896
2020-06-23 15:20:18,302 INFO archived 1275508980207497219
2020-06-23 15:20:18,362 INFO archived 1275508980484378624
2020-06-23 15:20:18,803 INFO archived 1275508982262759425
2020-06-23 15:20:18,814 INFO archived 1275508982396968973
2020-06-23 15:20:18,883 INFO archived 1275508982657036294
2020-06-23 15:20:18,885 INFO archived 1275508982614982656
2020-06-23 15:20:19,114 INFO archived 1275508983688650752
2020-06-23 15:20:19,118 INFO archived 1275508983722201088
2020-06-23 15:20:19,184 INFO archived 1275508984032587776
2020-06-23 15:20:19,203 INFO archived 1275508984057823232
2020-06-23 15:20:19,236 INFO archived 1275508984234082305
2020-06-23 15:20:19,264 INFO archived 1275508984263278594
2020-06-23 15:20:19,312 INFO archived 1275508984514936832
2020-06-23 15:20:19,364 INFO archived 1275508984741388288
2020-06-23 15:20:19,476 INFO archived 1275508985198755840
2020-06-23 15:20:19,576 INFO archived 1275508985601437697
2020-06-23 15:20:19,598 INFO archived 1275508985584549889
2020-06-23 15:20:19,747 INFO archived 1275508986343763968
2020-06-23 15:20:19,762 INFO archived 1275508986255749132
2020-06-23 15:20:19,789 INFO archived 1275508986490601478
2020-06-23 15:20:19,823 INFO archived 1275508986654195712
2020-06-23 15:20:19,878 INFO archived 1275508986838765569
2020-06-23 15:20:19,894 INFO archived 1275508986880688129
2020-06-23 15:20:19,951 INFO archived 1275508987195125760
2020-06-23 15:20:19,984 INFO archived 1275508987199283200
2020-06-23 15:20:20,235 INFO archived 1275508988302557186
2020-06-23 15:20:20,239 INFO archived 1275508988352827393
2020-06-23 15:20:20,373 INFO archived 1275508988961062912
2020-06-23 15:20:20,382 INFO archived 1275508988952694790
2020-06-23 15:20:20,440 INFO archived 1275508989170679810
2020-06-23 15:20:20,483 INFO archived 1275508989426614274
2020-06-23 15:20:20,521 INFO archived 1275508989455982594
2020-06-23 15:20:20,567 INFO archived 1275508989695049730
2020-06-23 15:20:20,611 INFO archived 1275508989888024581
2020-06-23 15:20:20,677 INFO archived 1275508990152245251
2020-06-23 15:20:20,685 INFO archived 1275508990294790147
2020-06-23 15:20:20,696 INFO archived 1275508990307217408
2020-06-23 15:20:20,747 INFO archived 1275508990525538306
2020-06-23 15:20:20,815 INFO archived 1275508990810755074
2020-06-23 15:20:20,826 INFO archived 1275508990772944904
2020-06-23 15:20:20,907 INFO archived 1275508991221616642
2020-06-23 15:20:21,028 INFO archived 1275508991712428033
2020-06-23 15:20:21,033 INFO archived 1275508991737683969
2020-06-23 15:20:21,093 INFO archived 1275508991947407360
2020-06-23 15:20:21,097 INFO archived 1275508992010117120
2020-06-23 15:20:21,119 INFO archived 1275508992056479744
2020-06-23 15:20:21,210 INFO archived 1275508992459116545
2020-06-23 15:20:21,354 INFO archived 1275508992937283586
2020-06-23 15:20:21,362 INFO archived 1275508993100779522
2020-06-23 15:20:21,392 INFO archived 1275508993188941825
2020-06-23 15:20:21,394 INFO archived 1275508993293553664
2020-06-23 15:20:21,513 INFO archived 1275508993792720898
2020-06-23 15:20:21,535 INFO archived 1275508993792765952
2020-06-23 15:20:21,556 INFO archived 1275508993931296773
2020-06-23 15:20:21,587 INFO archived 1275508994111533056
2020-06-23 15:20:21,652 INFO archived 1275508994270916608
2020-06-23 15:20:21,695 INFO archived 1275508994493333507
2020-06-23 15:20:21,726 INFO archived 1275508994618961920
2020-06-23 15:20:21,765 INFO archived 1275508994715443200
2020-06-23 15:20:21,895 INFO archived 1275508995349008385
2020-06-23 15:20:21,950 INFO archived 1275508995457814528
2020-06-23 15:20:21,952 INFO archived 1275508995567075335
2020-06-23 15:20:22,005 INFO archived 1275508995822845952
2020-06-23 15:20:22,171 INFO archived 1275508996389179394
2020-06-23 15:20:22,181 INFO archived 1275508996581888000
2020-06-23 15:20:22,217 INFO archived 1275508996661633024
2020-06-23 15:20:22,264 INFO archived 1275508996858957824
2020-06-23 15:20:22,267 INFO archived 1275508996934258689
2020-06-23 15:20:22,316 INFO archived 1275508997064396804
2020-06-23 15:20:22,352 INFO archived 1275508997265608704
2020-06-23 15:20:22,367 INFO archived 1275508997332688896
2020-06-23 15:20:22,384 INFO archived 1275508997332893697
2020-06-23 15:20:22,390 INFO archived 1275508997374611457
2020-06-23 15:20:22,432 INFO archived 1275508997496414210
2020-06-23 15:20:22,438 INFO archived 1275508997592961024
2020-06-23 15:20:22,499 INFO archived 1275508997852889091
2020-06-23 15:20:22,613 INFO archived 1275508998314135554
2020-06-23 15:20:22,671 INFO archived 1275508998620549121
2020-06-23 15:20:22,746 INFO archived 1275508998846939137
2020-06-23 15:20:22,818 INFO archived 1275508999253884928
2020-06-23 15:20:22,980 INFO archived 1275508999841091594
2020-06-23 15:20:23,044 INFO archived 1275509000205819904
2020-06-23 15:20:23,055 INFO archived 1275509000251949061
2020-06-23 15:20:23,112 INFO archived 1275509000390524928
2020-06-23 15:20:23,151 INFO archived 1275509000596000768
2020-06-23 15:20:23,157 INFO archived 1275509000541519879
2020-06-23 15:20:23,233 INFO archived 1275509000956555264
2020-06-23 15:20:23,362 INFO archived 1275509001309085696
2020-06-23 15:20:23,368 INFO archived 1275509001460088832
2020-06-23 15:20:23,421 INFO archived 1275509001749508100
2020-06-23 15:20:23,549 INFO archived 1275509002240212992
2020-06-23 15:20:23,569 INFO archived 1275509002382827524
2020-06-23 15:20:23,623 INFO archived 1275509002408013825
2020-06-23 15:20:23,637 INFO archived 1275509002667995136
2020-06-23 15:20:24,748 INFO loading None profile from config /root/.twarc
2020-06-23 15:20:24,749 INFO creating http session
2020-06-23 15:20:24,749 INFO creating OAuth1 user authentication
2020-06-23 15:20:24,751 INFO getting ('https://api.twitter.com/1.1/account/verify_credentials.json',) {'params': {'tweet_mode': 'extended'}}
2020-06-23 15:20:24,965 INFO connecting to filter stream for {'stall_warning': True, 'include_ext_alt_text': True, 'track': '#BlackLivesMatter', 'language': 'en'}
2020-06-23 15:20:24,965 INFO posting ('https://stream.twitter.com/1.1/statuses/filter.json', {'stall_warning': True, 'include_ext_alt_text': True, 'track': '#BlackLivesMatter', 'language': 'en'}) {'headers': {'accept-encoding': 'deflate, gzip'}, 'stream': True}
2020-06-23 15:20:25,165 INFO archived 1275509009018224641
2020-06-23 15:20:25,289 INFO archived 1275509009546645504
2020-06-23 15:20:25,336 INFO archived 1275509009760563201
2020-06-23 15:20:25,338 INFO archived 1275509009609453568
2020-06-23 15:20:25,411 INFO archived 1275509010096181249
2020-06-23 15:20:25,421 INFO archived 1275509010142117888
2020-06-23 15:20:25,434 INFO archived 1275509010179989504
2020-06-23 15:20:25,439 INFO archived 1275509010196762625
2020-06-23 15:20:25,459 INFO archived 1275509010200842240
2020-06-23 15:20:25,504 INFO archived 1275509010473586688
2020-06-23 15:20:25,533 INFO archived 1275509010637049856
2020-06-23 15:20:25,589 INFO archived 1275509010737836032
2020-06-23 15:20:25,623 INFO archived 1275509010935021569
2020-06-23 15:20:25,648 INFO archived 1275509011006316544
2020-06-23 15:20:25,658 INFO archived 1275509011098603527
2020-06-23 15:20:25,670 INFO archived 1275509011140485120
2020-06-23 15:20:25,725 INFO archived 1275509011320844290
2020-06-23 15:20:25,864 INFO archived 1275509011782291457
2020-06-23 15:20:25,922 INFO archived 1275509012138614784
2020-06-23 15:20:25,943 INFO archived 1275509012214304769
2020-06-23 15:20:25,958 INFO archived 1275509012394582016
2020-06-23 15:20:26,059 INFO archived 1275509012776222722
2020-06-23 15:20:26,114 INFO archived 1275509013006946304
2020-06-23 15:20:26,126 INFO archived 1275509013103419395
2020-06-23 15:20:26,301 INFO archived 1275509013615009792
2020-06-23 15:20:26,308 INFO archived 1275509013720039426
2020-06-23 15:20:26,361 INFO archived 1275509014072307715
2020-06-23 15:20:26,396 INFO archived 1275509014126899203
2020-06-23 15:20:26,420 INFO archived 1275509014348967936
2020-06-23 15:20:26,444 INFO archived 1275509014382534656
2020-06-23 15:20:26,455 INFO archived 1275509014454042624
2020-06-23 15:20:26,456 INFO archived 1275509014458138624
2020-06-23 15:20:26,471 INFO archived 1275509014311337987
2020-06-23 15:20:26,681 INFO archived 1275509015368404992
2020-06-23 15:20:26,720 INFO archived 1275509015502610437
2020-06-23 15:20:26,833 INFO archived 1275509016047779843
2020-06-23 15:20:26,904 INFO archived 1275509016341471238
2020-06-23 15:20:27,079 INFO archived 1275509017092161543
2020-06-23 15:20:27,130 INFO archived 1275509017239007233
2020-06-23 15:20:27,148 INFO archived 1275509016949600256
2020-06-23 15:20:27,250 INFO archived 1275509017788526593
2020-06-23 15:20:27,314 INFO archived 1275509018082136064
2020-06-23 15:20:27,512 INFO archived 1275509018761535494
2020-06-23 15:20:27,576 INFO archived 1275509019189313539
2020-06-23 15:20:27,665 INFO archived 1275509019524956160
2020-06-23 15:20:27,673 INFO archived 1275509019596161025
2020-06-23 15:20:27,674 INFO archived 1275509019428388866
2020-06-23 15:20:27,698 INFO archived 1275509019692670976
2020-06-23 15:20:27,802 INFO archived 1275509019789099009
2020-06-23 15:20:27,809 INFO archived 1275509019839328262
2020-06-23 15:20:27,811 INFO archived 1275509020032471040
2020-06-23 15:20:33,241 INFO loading None profile from config /root/.twarc
2020-06-23 15:20:33,244 INFO creating http session
2020-06-23 15:20:33,244 INFO creating OAuth1 user authentication
2020-06-23 15:20:33,245 INFO getting ('https://api.twitter.com/1.1/account/verify_credentials.json',) {'params': {'tweet_mode': 'extended'}}
2020-06-23 15:20:33,488 INFO connecting to filter stream for {'stall_warning': True, 'include_ext_alt_text': True, 'track': '#BlackLivesMatter', 'language': 'en'}
2020-06-23 15:20:33,489 INFO posting ('https://stream.twitter.com/1.1/statuses/filter.json', {'stall_warning': True, 'include_ext_alt_text': True, 'track': '#BlackLivesMatter', 'language': 'en'}) {'headers': {'accept-encoding': 'deflate, gzip'}, 'stream': True}
2020-06-23 15:20:33,664 ERROR caught http error 420 Client Error: Enhance Your Calm for url: https://stream.twitter.com/1.1/statuses/filter.json on 1 try
2020-06-23 15:20:33,665 INFO sleeping 60
2020-06-23 15:20:43,479 INFO loading None profile from config /root/.twarc
2020-06-23 15:20:43,481 INFO creating http session
2020-06-23 15:20:43,481 INFO creating OAuth1 user authentication
2020-06-23 15:20:43,482 INFO getting ('https://api.twitter.com/1.1/account/verify_credentials.json',) {'params': {'tweet_mode': 'extended'}}
2020-06-23 15:20:43,723 INFO connecting to filter stream for {'stall_warning': True, 'include_ext_alt_text': True, 'track': '#BlackLivesMatter', 'language': 'en'}
2020-06-23 15:20:43,724 INFO posting ('https://stream.twitter.com/1.1/statuses/filter.json', {'stall_warning': True, 'include_ext_alt_text': True, 'track': '#BlackLivesMatter', 'language': 'en'}) {'headers': {'accept-encoding': 'deflate, gzip'}, 'stream': True}
2020-06-23 15:20:44,503 INFO archived 1275509089712386048
2020-06-23 15:20:44,790 INFO archived 1275509091297869824
2020-06-23 15:20:44,841 INFO archived 1275509091620790279
2020-06-23 15:20:44,982 INFO archived 1275509092182884353
2020-06-23 15:20:44,985 INFO archived 1275509092199489536
2020-06-23 15:20:45,040 INFO archived 1275509092396797955
2020-06-23 15:20:45,234 INFO archived 1275509093189382144
2020-06-23 15:20:45,320 INFO archived 1275509093592170497
2020-06-23 15:20:45,348 INFO archived 1275509093516656642
